{"C:\\Users\\laksh\\OneDrive\\Desktop\\SaaS\\src\\app.js": {"path":"C:\\Users\\laksh\\OneDrive\\Desktop\\SaaS\\src\\app.js","statementMap":{"0":{"start":{"line":23,"column":14},"end":{"line":23,"column":23}},"1":{"start":{"line":25,"column":2},"end":{"line":25,"column":30}},"2":{"start":{"line":27,"column":2},"end":{"line":27,"column":20}},"3":{"start":{"line":28,"column":2},"end":{"line":33,"column":4}},"4":{"start":{"line":34,"column":2},"end":{"line":34,"column":43}},"5":{"start":{"line":35,"column":2},"end":{"line":35,"column":50}},"6":{"start":{"line":36,"column":2},"end":{"line":36,"column":26}},"7":{"start":{"line":39,"column":2},"end":{"line":39,"column":27}},"8":{"start":{"line":42,"column":2},"end":{"line":42,"column":22}},"9":{"start":{"line":44,"column":2},"end":{"line":46,"column":3}},"10":{"start":{"line":45,"column":4},"end":{"line":45,"column":63}},"11":{"start":{"line":48,"column":2},"end":{"line":48,"column":23}},"12":{"start":{"line":50,"column":2},"end":{"line":50,"column":70}},"13":{"start":{"line":52,"column":2},"end":{"line":61,"column":5}},"14":{"start":{"line":53,"column":20},"end":{"line":53,"column":50}},"15":{"start":{"line":54,"column":21},"end":{"line":54,"column":96}},"16":{"start":{"line":55,"column":4},"end":{"line":60,"column":7}},"17":{"start":{"line":65,"column":2},"end":{"line":65,"column":29}},"18":{"start":{"line":67,"column":2},"end":{"line":67,"column":27}},"19":{"start":{"line":68,"column":2},"end":{"line":68,"column":24}},"20":{"start":{"line":70,"column":2},"end":{"line":70,"column":13}}},"fnMap":{"0":{"name":"createApp","decl":{"start":{"line":22,"column":16},"end":{"line":22,"column":25}},"loc":{"start":{"line":22,"column":28},"end":{"line":71,"column":1}},"line":22},"1":{"name":"(anonymous_1)","decl":{"start":{"line":52,"column":21},"end":{"line":52,"column":22}},"loc":{"start":{"line":52,"column":35},"end":{"line":61,"column":3}},"line":52}},"branchMap":{"0":{"loc":{"start":{"line":44,"column":2},"end":{"line":46,"column":3}},"type":"if","locations":[{"start":{"line":44,"column":2},"end":{"line":46,"column":3}},{"start":{},"end":{}}],"line":44},"1":{"loc":{"start":{"line":54,"column":21},"end":{"line":54,"column":96}},"type":"cond-expr","locations":[{"start":{"line":54,"column":37},"end":{"line":54,"column":48}},{"start":{"line":54,"column":51},"end":{"line":54,"column":96}}],"line":54},"2":{"loc":{"start":{"line":54,"column":51},"end":{"line":54,"column":96}},"type":"cond-expr","locations":[{"start":{"line":54,"column":67},"end":{"line":54,"column":79}},{"start":{"line":54,"column":82},"end":{"line":54,"column":96}}],"line":54},"3":{"loc":{"start":{"line":55,"column":15},"end":{"line":55,"column":40}},"type":"cond-expr","locations":[{"start":{"line":55,"column":31},"end":{"line":55,"column":34}},{"start":{"line":55,"column":37},"end":{"line":55,"column":40}}],"line":55},"4":{"loc":{"start":{"line":56,"column":14},"end":{"line":56,"column":47}},"type":"cond-expr","locations":[{"start":{"line":56,"column":30},"end":{"line":56,"column":34}},{"start":{"line":56,"column":37},"end":{"line":56,"column":47}}],"line":56}},"s":{"0":9,"1":9,"2":9,"3":9,"4":9,"5":9,"6":9,"7":9,"8":9,"9":9,"10":0,"11":9,"12":9,"13":9,"14":3,"15":3,"16":3,"17":9,"18":9,"19":9,"20":9},"f":{"0":9,"1":3},"b":{"0":[0,9],"1":[3,0],"2":[0,0],"3":[3,0],"4":[3,0]},"_coverageSchema":"1a1c01bbd47fc00a2c39e90264f33305004495a9","hash":"18fdad1e9488e904ff8d7c22ad13497e4ee2a920"}
,"C:\\Users\\laksh\\OneDrive\\Desktop\\SaaS\\src\\config\\env.js": {"path":"C:\\Users\\laksh\\OneDrive\\Desktop\\SaaS\\src\\config\\env.js","statementMap":{"0":{"start":{"line":3,"column":0},"end":{"line":3,"column":16}},"1":{"start":{"line":5,"column":17},"end":{"line":11,"column":1}},"2":{"start":{"line":6,"column":16},"end":{"line":6,"column":48}},"3":{"start":{"line":7,"column":2},"end":{"line":9,"column":3}},"4":{"start":{"line":8,"column":4},"end":{"line":8,"column":69}},"5":{"start":{"line":10,"column":2},"end":{"line":10,"column":15}},"6":{"start":{"line":13,"column":19},"end":{"line":29,"column":1}}},"fnMap":{"0":{"name":"(anonymous_0)","decl":{"start":{"line":5,"column":17},"end":{"line":5,"column":18}},"loc":{"start":{"line":5,"column":52},"end":{"line":11,"column":1}},"line":5}},"branchMap":{"0":{"loc":{"start":{"line":5,"column":23},"end":{"line":5,"column":47}},"type":"default-arg","locations":[{"start":{"line":5,"column":38},"end":{"line":5,"column":47}}],"line":5},"1":{"loc":{"start":{"line":6,"column":16},"end":{"line":6,"column":48}},"type":"binary-expr","locations":[{"start":{"line":6,"column":16},"end":{"line":6,"column":32}},{"start":{"line":6,"column":36},"end":{"line":6,"column":48}}],"line":6},"2":{"loc":{"start":{"line":7,"column":2},"end":{"line":9,"column":3}},"type":"if","locations":[{"start":{"line":7,"column":2},"end":{"line":9,"column":3}},{"start":{},"end":{}}],"line":7},"3":{"loc":{"start":{"line":7,"column":6},"end":{"line":7,"column":59}},"type":"binary-expr","locations":[{"start":{"line":7,"column":6},"end":{"line":7,"column":25}},{"start":{"line":7,"column":29},"end":{"line":7,"column":43}},{"start":{"line":7,"column":47},"end":{"line":7,"column":59}}],"line":7},"4":{"loc":{"start":{"line":14,"column":12},"end":{"line":14,"column":49}},"type":"binary-expr","locations":[{"start":{"line":14,"column":12},"end":{"line":14,"column":32}},{"start":{"line":14,"column":36},"end":{"line":14,"column":49}}],"line":14},"5":{"loc":{"start":{"line":15,"column":8},"end":{"line":15,"column":32}},"type":"binary-expr","locations":[{"start":{"line":15,"column":8},"end":{"line":15,"column":24}},{"start":{"line":15,"column":28},"end":{"line":15,"column":32}}],"line":15},"6":{"loc":{"start":{"line":17,"column":15},"end":{"line":17,"column":45}},"type":"binary-expr","locations":[{"start":{"line":17,"column":15},"end":{"line":17,"column":38}},{"start":{"line":17,"column":42},"end":{"line":17,"column":45}}],"line":17},"7":{"loc":{"start":{"line":21,"column":25},"end":{"line":21,"column":67}},"type":"binary-expr","locations":[{"start":{"line":21,"column":25},"end":{"line":21,"column":58}},{"start":{"line":21,"column":62},"end":{"line":21,"column":67}}],"line":21},"8":{"loc":{"start":{"line":22,"column":26},"end":{"line":22,"column":68}},"type":"binary-expr","locations":[{"start":{"line":22,"column":26},"end":{"line":22,"column":60}},{"start":{"line":22,"column":64},"end":{"line":22,"column":68}}],"line":22}},"s":{"0":9,"1":9,"2":45,"3":45,"4":0,"5":45,"6":9},"f":{"0":45},"b":{"0":[45],"1":[45,0],"2":[0,45],"3":[45,45,45],"4":[9,0],"5":[9,0],"6":[9,0],"7":[9,0],"8":[9,0]},"_coverageSchema":"1a1c01bbd47fc00a2c39e90264f33305004495a9","hash":"57f81ee41755d3c2c79f328f567f36d28ec87537"}
,"C:\\Users\\laksh\\OneDrive\\Desktop\\SaaS\\src\\config\\logger.js": {"path":"C:\\Users\\laksh\\OneDrive\\Desktop\\SaaS\\src\\config\\logger.js","statementMap":{"0":{"start":{"line":3,"column":29},"end":{"line":8,"column":2}},"1":{"start":{"line":4,"column":2},"end":{"line":6,"column":3}},"2":{"start":{"line":5,"column":4},"end":{"line":5,"column":70}},"3":{"start":{"line":7,"column":2},"end":{"line":7,"column":14}},"4":{"start":{"line":10,"column":55},"end":{"line":10,"column":69}},"5":{"start":{"line":12,"column":22},"end":{"line":18,"column":1}},"6":{"start":{"line":15,"column":20},"end":{"line":15,"column":78}},"7":{"start":{"line":16,"column":4},"end":{"line":16,"column":68}},"8":{"start":{"line":20,"column":22},"end":{"line":42,"column":2}},"9":{"start":{"line":44,"column":26},"end":{"line":48,"column":1}},"10":{"start":{"line":46,"column":24},"end":{"line":46,"column":51}}},"fnMap":{"0":{"name":"(anonymous_0)","decl":{"start":{"line":3,"column":44},"end":{"line":3,"column":45}},"loc":{"start":{"line":3,"column":54},"end":{"line":8,"column":1}},"line":3},"1":{"name":"(anonymous_1)","decl":{"start":{"line":14,"column":9},"end":{"line":14,"column":10}},"loc":{"start":{"line":14,"column":60},"end":{"line":17,"column":3}},"line":14},"2":{"name":"(anonymous_2)","decl":{"start":{"line":46,"column":11},"end":{"line":46,"column":12}},"loc":{"start":{"line":46,"column":24},"end":{"line":46,"column":51}},"line":46}},"branchMap":{"0":{"loc":{"start":{"line":4,"column":2},"end":{"line":6,"column":3}},"type":"if","locations":[{"start":{"line":4,"column":2},"end":{"line":6,"column":3}},{"start":{},"end":{}}],"line":4},"1":{"loc":{"start":{"line":15,"column":20},"end":{"line":15,"column":78}},"type":"cond-expr","locations":[{"start":{"line":15,"column":47},"end":{"line":15,"column":73}},{"start":{"line":15,"column":76},"end":{"line":15,"column":78}}],"line":15},"2":{"loc":{"start":{"line":16,"column":39},"end":{"line":16,"column":55}},"type":"binary-expr","locations":[{"start":{"line":16,"column":39},"end":{"line":16,"column":44}},{"start":{"line":16,"column":48},"end":{"line":16,"column":55}}],"line":16},"3":{"loc":{"start":{"line":21,"column":9},"end":{"line":21,"column":65}},"type":"cond-expr","locations":[{"start":{"line":21,"column":49},"end":{"line":21,"column":55}},{"start":{"line":21,"column":58},"end":{"line":21,"column":65}}],"line":21},"4":{"loc":{"start":{"line":30,"column":6},"end":{"line":40,"column":8}},"type":"cond-expr","locations":[{"start":{"line":31,"column":6},"end":{"line":39,"column":7}},{"start":{"line":40,"column":6},"end":{"line":40,"column":8}}],"line":30}},"s":{"0":9,"1":17,"2":0,"3":17,"4":9,"5":9,"6":17,"7":17,"8":9,"9":9,"10":0},"f":{"0":17,"1":17,"2":0},"b":{"0":[0,17],"1":[17,0],"2":[17,0],"3":[0,9],"4":[0,9]},"_coverageSchema":"1a1c01bbd47fc00a2c39e90264f33305004495a9","hash":"b5a3ae3843bce0fc35be7cfccd8406400b5eb2a9"}
,"C:\\Users\\laksh\\OneDrive\\Desktop\\SaaS\\src\\config\\stripe.js": {"path":"C:\\Users\\laksh\\OneDrive\\Desktop\\SaaS\\src\\config\\stripe.js","statementMap":{"0":{"start":{"line":3,"column":21},"end":{"line":3,"column":69}},"1":{"start":{"line":5,"column":22},"end":{"line":7,"column":2}}},"fnMap":{},"branchMap":{"0":{"loc":{"start":{"line":3,"column":21},"end":{"line":3,"column":69}},"type":"binary-expr","locations":[{"start":{"line":3,"column":21},"end":{"line":3,"column":50}},{"start":{"line":3,"column":54},"end":{"line":3,"column":69}}],"line":3}},"s":{"0":9,"1":9},"f":{},"b":{"0":[9,9]},"_coverageSchema":"1a1c01bbd47fc00a2c39e90264f33305004495a9","hash":"03f0788b1b935a134b122ed1f054a964cfdad6d6"}
,"C:\\Users\\laksh\\OneDrive\\Desktop\\SaaS\\src\\config\\swagger.js": {"path":"C:\\Users\\laksh\\OneDrive\\Desktop\\SaaS\\src\\config\\swagger.js","statementMap":{"0":{"start":{"line":5,"column":19},"end":{"line":5,"column":49}},"1":{"start":{"line":6,"column":18},"end":{"line":6,"column":37}},"2":{"start":{"line":8,"column":16},"end":{"line":43,"column":1}},"3":{"start":{"line":45,"column":27},"end":{"line":45,"column":48}}},"fnMap":{},"branchMap":{},"s":{"0":9,"1":9,"2":9,"3":9},"f":{},"b":{},"_coverageSchema":"1a1c01bbd47fc00a2c39e90264f33305004495a9","hash":"797f4ebf27765aff6191928e8607868c9bb1d47c"}
,"C:\\Users\\laksh\\OneDrive\\Desktop\\SaaS\\src\\controllers\\authController.js": {"path":"C:\\Users\\laksh\\OneDrive\\Desktop\\SaaS\\src\\controllers\\authController.js","statementMap":{"0":{"start":{"line":5,"column":30},"end":{"line":65,"column":1}},"1":{"start":{"line":7,"column":19},"end":{"line":7,"column":55}},"2":{"start":{"line":8,"column":4},"end":{"line":16,"column":5}},"3":{"start":{"line":9,"column":6},"end":{"line":15,"column":9}},"4":{"start":{"line":17,"column":4},"end":{"line":20,"column":7}},"5":{"start":{"line":24,"column":19},"end":{"line":24,"column":52}},"6":{"start":{"line":25,"column":4},"end":{"line":33,"column":5}},"7":{"start":{"line":26,"column":6},"end":{"line":32,"column":9}},"8":{"start":{"line":34,"column":4},"end":{"line":37,"column":7}},"9":{"start":{"line":41,"column":18},"end":{"line":41,"column":42}},"10":{"start":{"line":42,"column":19},"end":{"line":42,"column":56}},"11":{"start":{"line":43,"column":4},"end":{"line":51,"column":5}},"12":{"start":{"line":44,"column":6},"end":{"line":50,"column":9}},"13":{"start":{"line":52,"column":4},"end":{"line":54,"column":7}},"14":{"start":{"line":58,"column":18},"end":{"line":58,"column":42}},"15":{"start":{"line":59,"column":4},"end":{"line":59,"column":36}},"16":{"start":{"line":60,"column":4},"end":{"line":62,"column":7}},"17":{"start":{"line":63,"column":4},"end":{"line":63,"column":64}}},"fnMap":{"0":{"name":"(anonymous_0)","decl":{"start":{"line":6,"column":2},"end":{"line":6,"column":3}},"loc":{"start":{"line":6,"column":27},"end":{"line":21,"column":3}},"line":6},"1":{"name":"(anonymous_1)","decl":{"start":{"line":23,"column":2},"end":{"line":23,"column":3}},"loc":{"start":{"line":23,"column":24},"end":{"line":38,"column":3}},"line":23},"2":{"name":"(anonymous_2)","decl":{"start":{"line":40,"column":2},"end":{"line":40,"column":3}},"loc":{"start":{"line":40,"column":31},"end":{"line":55,"column":3}},"line":40},"3":{"name":"(anonymous_3)","decl":{"start":{"line":57,"column":2},"end":{"line":57,"column":3}},"loc":{"start":{"line":57,"column":25},"end":{"line":64,"column":3}},"line":57}},"branchMap":{"0":{"loc":{"start":{"line":8,"column":4},"end":{"line":16,"column":5}},"type":"if","locations":[{"start":{"line":8,"column":4},"end":{"line":16,"column":5}},{"start":{},"end":{}}],"line":8},"1":{"loc":{"start":{"line":25,"column":4},"end":{"line":33,"column":5}},"type":"if","locations":[{"start":{"line":25,"column":4},"end":{"line":33,"column":5}},{"start":{},"end":{}}],"line":25},"2":{"loc":{"start":{"line":43,"column":4},"end":{"line":51,"column":5}},"type":"if","locations":[{"start":{"line":43,"column":4},"end":{"line":51,"column":5}},{"start":{},"end":{}}],"line":43}},"s":{"0":9,"1":28,"2":27,"3":27,"4":27,"5":26,"6":24,"7":24,"8":24,"9":0,"10":0,"11":0,"12":0,"13":0,"14":0,"15":0,"16":0,"17":0},"f":{"0":28,"1":26,"2":0,"3":0},"b":{"0":[27,0],"1":[24,0],"2":[0,0]},"_coverageSchema":"1a1c01bbd47fc00a2c39e90264f33305004495a9","hash":"1267d23e0b2d94aeedf5dde468722e707a32645f"}
,"C:\\Users\\laksh\\OneDrive\\Desktop\\SaaS\\src\\controllers\\billingController.js": {"path":"C:\\Users\\laksh\\OneDrive\\Desktop\\SaaS\\src\\controllers\\billingController.js","statementMap":{"0":{"start":{"line":5,"column":33},"end":{"line":36,"column":1}},"1":{"start":{"line":7,"column":4},"end":{"line":12,"column":5}},"2":{"start":{"line":8,"column":6},"end":{"line":8,"column":46}},"3":{"start":{"line":9,"column":6},"end":{"line":9,"column":40}},"4":{"start":{"line":11,"column":6},"end":{"line":11,"column":16}},"5":{"start":{"line":16,"column":4},"end":{"line":25,"column":5}},"6":{"start":{"line":17,"column":22},"end":{"line":21,"column":8}},"7":{"start":{"line":22,"column":6},"end":{"line":22,"column":66}},"8":{"start":{"line":24,"column":6},"end":{"line":24,"column":16}},"9":{"start":{"line":29,"column":4},"end":{"line":34,"column":5}},"10":{"start":{"line":30,"column":28},"end":{"line":30,"column":84}},"11":{"start":{"line":31,"column":6},"end":{"line":31,"column":54}},"12":{"start":{"line":33,"column":6},"end":{"line":33,"column":16}}},"fnMap":{"0":{"name":"(anonymous_0)","decl":{"start":{"line":6,"column":2},"end":{"line":6,"column":3}},"loc":{"start":{"line":6,"column":38},"end":{"line":13,"column":3}},"line":6},"1":{"name":"(anonymous_1)","decl":{"start":{"line":15,"column":2},"end":{"line":15,"column":3}},"loc":{"start":{"line":15,"column":46},"end":{"line":26,"column":3}},"line":15},"2":{"name":"(anonymous_2)","decl":{"start":{"line":28,"column":2},"end":{"line":28,"column":3}},"loc":{"start":{"line":28,"column":42},"end":{"line":35,"column":3}},"line":28}},"branchMap":{},"s":{"0":9,"1":0,"2":0,"3":0,"4":0,"5":0,"6":0,"7":0,"8":0,"9":0,"10":0,"11":0,"12":0},"f":{"0":0,"1":0,"2":0},"b":{},"_coverageSchema":"1a1c01bbd47fc00a2c39e90264f33305004495a9","hash":"d38ae8c1efa084e4869e2ab13a7f0b3639f6e2c7"}
,"C:\\Users\\laksh\\OneDrive\\Desktop\\SaaS\\src\\controllers\\clientController.js": {"path":"C:\\Users\\laksh\\OneDrive\\Desktop\\SaaS\\src\\controllers\\clientController.js","statementMap":{"0":{"start":{"line":5,"column":32},"end":{"line":35,"column":1}},"1":{"start":{"line":7,"column":27},"end":{"line":7,"column":50}},"2":{"start":{"line":8,"column":19},"end":{"line":8,"column":77}},"3":{"start":{"line":9,"column":4},"end":{"line":9,"column":50}},"4":{"start":{"line":13,"column":27},"end":{"line":13,"column":50}},"5":{"start":{"line":14,"column":20},"end":{"line":14,"column":69}},"6":{"start":{"line":15,"column":4},"end":{"line":15,"column":46}},"7":{"start":{"line":19,"column":27},"end":{"line":19,"column":50}},"8":{"start":{"line":20,"column":19},"end":{"line":20,"column":83}},"9":{"start":{"line":21,"column":4},"end":{"line":21,"column":45}},"10":{"start":{"line":25,"column":27},"end":{"line":25,"column":50}},"11":{"start":{"line":26,"column":19},"end":{"line":26,"column":92}},"12":{"start":{"line":27,"column":4},"end":{"line":27,"column":45}},"13":{"start":{"line":31,"column":27},"end":{"line":31,"column":50}},"14":{"start":{"line":32,"column":4},"end":{"line":32,"column":68}},"15":{"start":{"line":33,"column":4},"end":{"line":33,"column":51}}},"fnMap":{"0":{"name":"(anonymous_0)","decl":{"start":{"line":6,"column":16},"end":{"line":6,"column":17}},"loc":{"start":{"line":6,"column":36},"end":{"line":10,"column":3}},"line":6},"1":{"name":"(anonymous_1)","decl":{"start":{"line":12,"column":17},"end":{"line":12,"column":18}},"loc":{"start":{"line":12,"column":37},"end":{"line":16,"column":3}},"line":12},"2":{"name":"(anonymous_2)","decl":{"start":{"line":18,"column":13},"end":{"line":18,"column":14}},"loc":{"start":{"line":18,"column":33},"end":{"line":22,"column":3}},"line":18},"3":{"name":"(anonymous_3)","decl":{"start":{"line":24,"column":16},"end":{"line":24,"column":17}},"loc":{"start":{"line":24,"column":36},"end":{"line":28,"column":3}},"line":24},"4":{"name":"(anonymous_4)","decl":{"start":{"line":30,"column":16},"end":{"line":30,"column":17}},"loc":{"start":{"line":30,"column":36},"end":{"line":34,"column":3}},"line":30}},"branchMap":{},"s":{"0":9,"1":13,"2":13,"3":13,"4":0,"5":0,"6":0,"7":1,"8":1,"9":0,"10":0,"11":0,"12":0,"13":0,"14":0,"15":0},"f":{"0":13,"1":0,"2":1,"3":0,"4":0},"b":{},"_coverageSchema":"1a1c01bbd47fc00a2c39e90264f33305004495a9","hash":"4afe5c7b378c211bcb31ea01ce78ab5ca35b4038"}
,"C:\\Users\\laksh\\OneDrive\\Desktop\\SaaS\\src\\controllers\\dashboardController.js": {"path":"C:\\Users\\laksh\\OneDrive\\Desktop\\SaaS\\src\\controllers\\dashboardController.js","statementMap":{"0":{"start":{"line":14,"column":35},"end":{"line":94,"column":1}},"1":{"start":{"line":16,"column":4},"end":{"line":22,"column":5}},"2":{"start":{"line":17,"column":33},"end":{"line":17,"column":41}},"3":{"start":{"line":18,"column":20},"end":{"line":18,"column":59}},"4":{"start":{"line":19,"column":6},"end":{"line":19,"column":46}},"5":{"start":{"line":21,"column":6},"end":{"line":21,"column":16}},"6":{"start":{"line":26,"column":4},"end":{"line":32,"column":5}},"7":{"start":{"line":27,"column":33},"end":{"line":27,"column":41}},"8":{"start":{"line":28,"column":22},"end":{"line":28,"column":61}},"9":{"start":{"line":29,"column":6},"end":{"line":29,"column":48}},"10":{"start":{"line":31,"column":6},"end":{"line":31,"column":16}},"11":{"start":{"line":36,"column":4},"end":{"line":42,"column":5}},"12":{"start":{"line":37,"column":33},"end":{"line":37,"column":41}},"13":{"start":{"line":38,"column":26},"end":{"line":38,"column":69}},"14":{"start":{"line":39,"column":6},"end":{"line":39,"column":52}},"15":{"start":{"line":41,"column":6},"end":{"line":41,"column":16}},"16":{"start":{"line":46,"column":4},"end":{"line":52,"column":5}},"17":{"start":{"line":47,"column":33},"end":{"line":47,"column":41}},"18":{"start":{"line":48,"column":25},"end":{"line":48,"column":69}},"19":{"start":{"line":49,"column":6},"end":{"line":49,"column":51}},"20":{"start":{"line":51,"column":6},"end":{"line":51,"column":16}},"21":{"start":{"line":56,"column":4},"end":{"line":62,"column":5}},"22":{"start":{"line":57,"column":33},"end":{"line":57,"column":41}},"23":{"start":{"line":58,"column":23},"end":{"line":58,"column":62}},"24":{"start":{"line":59,"column":6},"end":{"line":59,"column":49}},"25":{"start":{"line":61,"column":6},"end":{"line":61,"column":16}},"26":{"start":{"line":66,"column":4},"end":{"line":72,"column":5}},"27":{"start":{"line":67,"column":33},"end":{"line":67,"column":41}},"28":{"start":{"line":68,"column":21},"end":{"line":68,"column":59}},"29":{"start":{"line":69,"column":6},"end":{"line":69,"column":47}},"30":{"start":{"line":71,"column":6},"end":{"line":71,"column":16}},"31":{"start":{"line":76,"column":4},"end":{"line":82,"column":5}},"32":{"start":{"line":77,"column":33},"end":{"line":77,"column":41}},"33":{"start":{"line":78,"column":19},"end":{"line":78,"column":63}},"34":{"start":{"line":79,"column":6},"end":{"line":79,"column":45}},"35":{"start":{"line":81,"column":6},"end":{"line":81,"column":16}},"36":{"start":{"line":86,"column":4},"end":{"line":92,"column":5}},"37":{"start":{"line":87,"column":33},"end":{"line":87,"column":41}},"38":{"start":{"line":88,"column":19},"end":{"line":88,"column":63}},"39":{"start":{"line":89,"column":6},"end":{"line":89,"column":45}},"40":{"start":{"line":91,"column":6},"end":{"line":91,"column":16}}},"fnMap":{"0":{"name":"(anonymous_0)","decl":{"start":{"line":15,"column":2},"end":{"line":15,"column":3}},"loc":{"start":{"line":15,"column":35},"end":{"line":23,"column":3}},"line":15},"1":{"name":"(anonymous_1)","decl":{"start":{"line":25,"column":2},"end":{"line":25,"column":3}},"loc":{"start":{"line":25,"column":35},"end":{"line":33,"column":3}},"line":25},"2":{"name":"(anonymous_2)","decl":{"start":{"line":35,"column":2},"end":{"line":35,"column":3}},"loc":{"start":{"line":35,"column":41},"end":{"line":43,"column":3}},"line":35},"3":{"name":"(anonymous_3)","decl":{"start":{"line":45,"column":2},"end":{"line":45,"column":3}},"loc":{"start":{"line":45,"column":38},"end":{"line":53,"column":3}},"line":45},"4":{"name":"(anonymous_4)","decl":{"start":{"line":55,"column":2},"end":{"line":55,"column":3}},"loc":{"start":{"line":55,"column":42},"end":{"line":63,"column":3}},"line":55},"5":{"name":"(anonymous_5)","decl":{"start":{"line":65,"column":2},"end":{"line":65,"column":3}},"loc":{"start":{"line":65,"column":41},"end":{"line":73,"column":3}},"line":65},"6":{"name":"(anonymous_6)","decl":{"start":{"line":75,"column":2},"end":{"line":75,"column":3}},"loc":{"start":{"line":75,"column":47},"end":{"line":83,"column":3}},"line":75},"7":{"name":"(anonymous_7)","decl":{"start":{"line":85,"column":2},"end":{"line":85,"column":3}},"loc":{"start":{"line":85,"column":47},"end":{"line":93,"column":3}},"line":85}},"branchMap":{},"s":{"0":9,"1":0,"2":0,"3":0,"4":0,"5":0,"6":0,"7":0,"8":0,"9":0,"10":0,"11":0,"12":0,"13":0,"14":0,"15":0,"16":0,"17":0,"18":0,"19":0,"20":0,"21":0,"22":0,"23":0,"24":0,"25":0,"26":0,"27":0,"28":0,"29":0,"30":0,"31":0,"32":0,"33":0,"34":0,"35":0,"36":0,"37":0,"38":0,"39":0,"40":0},"f":{"0":0,"1":0,"2":0,"3":0,"4":0,"5":0,"6":0,"7":0},"b":{},"_coverageSchema":"1a1c01bbd47fc00a2c39e90264f33305004495a9","hash":"3aa4a8e077b62d6380615380436959aed96c5128"}
,"C:\\Users\\laksh\\OneDrive\\Desktop\\SaaS\\src\\controllers\\invoiceController.js": {"path":"C:\\Users\\laksh\\OneDrive\\Desktop\\SaaS\\src\\controllers\\invoiceController.js","statementMap":{"0":{"start":{"line":10,"column":33},"end":{"line":104,"column":1}},"1":{"start":{"line":12,"column":27},"end":{"line":12,"column":50}},"2":{"start":{"line":13,"column":20},"end":{"line":13,"column":80}},"3":{"start":{"line":14,"column":4},"end":{"line":14,"column":51}},"4":{"start":{"line":18,"column":27},"end":{"line":18,"column":50}},"5":{"start":{"line":19,"column":21},"end":{"line":19,"column":72}},"6":{"start":{"line":20,"column":4},"end":{"line":20,"column":47}},"7":{"start":{"line":24,"column":27},"end":{"line":24,"column":50}},"8":{"start":{"line":25,"column":20},"end":{"line":25,"column":86}},"9":{"start":{"line":26,"column":4},"end":{"line":26,"column":46}},"10":{"start":{"line":30,"column":27},"end":{"line":30,"column":50}},"11":{"start":{"line":31,"column":20},"end":{"line":31,"column":95}},"12":{"start":{"line":32,"column":4},"end":{"line":32,"column":46}},"13":{"start":{"line":36,"column":27},"end":{"line":36,"column":50}},"14":{"start":{"line":37,"column":4},"end":{"line":37,"column":70}},"15":{"start":{"line":38,"column":4},"end":{"line":38,"column":51}},"16":{"start":{"line":42,"column":27},"end":{"line":42,"column":50}},"17":{"start":{"line":44,"column":20},"end":{"line":44,"column":86}},"18":{"start":{"line":46,"column":19},"end":{"line":46,"column":63}},"19":{"start":{"line":47,"column":4},"end":{"line":49,"column":5}},"20":{"start":{"line":48,"column":6},"end":{"line":48,"column":68}},"21":{"start":{"line":51,"column":25},"end":{"line":51,"column":73}},"22":{"start":{"line":52,"column":4},"end":{"line":54,"column":5}},"23":{"start":{"line":53,"column":6},"end":{"line":53,"column":74}},"24":{"start":{"line":56,"column":22},"end":{"line":56,"column":77}},"25":{"start":{"line":58,"column":4},"end":{"line":58,"column":53}},"26":{"start":{"line":59,"column":4},"end":{"line":62,"column":6}},"27":{"start":{"line":63,"column":4},"end":{"line":63,"column":54}},"28":{"start":{"line":64,"column":4},"end":{"line":64,"column":23}},"29":{"start":{"line":68,"column":27},"end":{"line":68,"column":50}},"30":{"start":{"line":70,"column":20},"end":{"line":70,"column":86}},"31":{"start":{"line":72,"column":19},"end":{"line":72,"column":63}},"32":{"start":{"line":73,"column":4},"end":{"line":75,"column":5}},"33":{"start":{"line":74,"column":6},"end":{"line":74,"column":68}},"34":{"start":{"line":77,"column":4},"end":{"line":79,"column":5}},"35":{"start":{"line":78,"column":6},"end":{"line":78,"column":91}},"36":{"start":{"line":81,"column":25},"end":{"line":81,"column":73}},"37":{"start":{"line":82,"column":4},"end":{"line":84,"column":5}},"38":{"start":{"line":83,"column":6},"end":{"line":83,"column":74}},"39":{"start":{"line":86,"column":22},"end":{"line":86,"column":77}},"40":{"start":{"line":88,"column":4},"end":{"line":94,"column":6}},"41":{"start":{"line":96,"column":4},"end":{"line":100,"column":6}},"42":{"start":{"line":102,"column":4},"end":{"line":102,"column":85}}},"fnMap":{"0":{"name":"(anonymous_0)","decl":{"start":{"line":11,"column":17},"end":{"line":11,"column":18}},"loc":{"start":{"line":11,"column":37},"end":{"line":15,"column":3}},"line":11},"1":{"name":"(anonymous_1)","decl":{"start":{"line":17,"column":18},"end":{"line":17,"column":19}},"loc":{"start":{"line":17,"column":38},"end":{"line":21,"column":3}},"line":17},"2":{"name":"(anonymous_2)","decl":{"start":{"line":23,"column":14},"end":{"line":23,"column":15}},"loc":{"start":{"line":23,"column":34},"end":{"line":27,"column":3}},"line":23},"3":{"name":"(anonymous_3)","decl":{"start":{"line":29,"column":17},"end":{"line":29,"column":18}},"loc":{"start":{"line":29,"column":37},"end":{"line":33,"column":3}},"line":29},"4":{"name":"(anonymous_4)","decl":{"start":{"line":35,"column":17},"end":{"line":35,"column":18}},"loc":{"start":{"line":35,"column":37},"end":{"line":39,"column":3}},"line":35},"5":{"name":"(anonymous_5)","decl":{"start":{"line":41,"column":22},"end":{"line":41,"column":23}},"loc":{"start":{"line":41,"column":42},"end":{"line":65,"column":3}},"line":41},"6":{"name":"(anonymous_6)","decl":{"start":{"line":67,"column":20},"end":{"line":67,"column":21}},"loc":{"start":{"line":67,"column":40},"end":{"line":103,"column":3}},"line":67}},"branchMap":{"0":{"loc":{"start":{"line":47,"column":4},"end":{"line":49,"column":5}},"type":"if","locations":[{"start":{"line":47,"column":4},"end":{"line":49,"column":5}},{"start":{},"end":{}}],"line":47},"1":{"loc":{"start":{"line":47,"column":8},"end":{"line":47,"column":59}},"type":"binary-expr","locations":[{"start":{"line":47,"column":8},"end":{"line":47,"column":15}},{"start":{"line":47,"column":19},"end":{"line":47,"column":59}}],"line":47},"2":{"loc":{"start":{"line":52,"column":4},"end":{"line":54,"column":5}},"type":"if","locations":[{"start":{"line":52,"column":4},"end":{"line":54,"column":5}},{"start":{},"end":{}}],"line":52},"3":{"loc":{"start":{"line":73,"column":4},"end":{"line":75,"column":5}},"type":"if","locations":[{"start":{"line":73,"column":4},"end":{"line":75,"column":5}},{"start":{},"end":{}}],"line":73},"4":{"loc":{"start":{"line":73,"column":8},"end":{"line":73,"column":59}},"type":"binary-expr","locations":[{"start":{"line":73,"column":8},"end":{"line":73,"column":15}},{"start":{"line":73,"column":19},"end":{"line":73,"column":59}}],"line":73},"5":{"loc":{"start":{"line":77,"column":4},"end":{"line":79,"column":5}},"type":"if","locations":[{"start":{"line":77,"column":4},"end":{"line":79,"column":5}},{"start":{},"end":{}}],"line":77},"6":{"loc":{"start":{"line":82,"column":4},"end":{"line":84,"column":5}},"type":"if","locations":[{"start":{"line":82,"column":4},"end":{"line":84,"column":5}},{"start":{},"end":{}}],"line":82},"7":{"loc":{"start":{"line":98,"column":16},"end":{"line":98,"column":68}},"type":"cond-expr","locations":[{"start":{"line":98,"column":45},"end":{"line":98,"column":51}},{"start":{"line":98,"column":54},"end":{"line":98,"column":68}}],"line":98}},"s":{"0":9,"1":12,"2":12,"3":12,"4":2,"5":2,"6":2,"7":3,"8":3,"9":3,"10":15,"11":15,"12":11,"13":1,"14":1,"15":0,"16":0,"17":0,"18":0,"19":0,"20":0,"21":0,"22":0,"23":0,"24":0,"25":0,"26":0,"27":0,"28":0,"29":0,"30":0,"31":0,"32":0,"33":0,"34":0,"35":0,"36":0,"37":0,"38":0,"39":0,"40":0,"41":0,"42":0},"f":{"0":12,"1":2,"2":3,"3":15,"4":1,"5":0,"6":0},"b":{"0":[0,0],"1":[0,0],"2":[0,0],"3":[0,0],"4":[0,0],"5":[0,0],"6":[0,0],"7":[0,0]},"_coverageSchema":"1a1c01bbd47fc00a2c39e90264f33305004495a9","hash":"14626ac247a0e9b12c3bb2f03ddaef540a7f165e"}
,"C:\\Users\\laksh\\OneDrive\\Desktop\\SaaS\\src\\controllers\\orgController.js": {"path":"C:\\Users\\laksh\\OneDrive\\Desktop\\SaaS\\src\\controllers\\orgController.js","statementMap":{"0":{"start":{"line":5,"column":29},"end":{"line":41,"column":1}},"1":{"start":{"line":7,"column":4},"end":{"line":12,"column":5}},"2":{"start":{"line":8,"column":19},"end":{"line":8,"column":55}},"3":{"start":{"line":9,"column":6},"end":{"line":9,"column":45}},"4":{"start":{"line":11,"column":6},"end":{"line":11,"column":16}},"5":{"start":{"line":16,"column":4},"end":{"line":21,"column":5}},"6":{"start":{"line":17,"column":18},"end":{"line":17,"column":63}},"7":{"start":{"line":18,"column":6},"end":{"line":18,"column":49}},"8":{"start":{"line":20,"column":6},"end":{"line":20,"column":16}},"9":{"start":{"line":25,"column":4},"end":{"line":30,"column":5}},"10":{"start":{"line":26,"column":18},"end":{"line":26,"column":75}},"11":{"start":{"line":27,"column":6},"end":{"line":27,"column":44}},"12":{"start":{"line":29,"column":6},"end":{"line":29,"column":16}},"13":{"start":{"line":34,"column":4},"end":{"line":39,"column":5}},"14":{"start":{"line":35,"column":20},"end":{"line":35,"column":76}},"15":{"start":{"line":36,"column":6},"end":{"line":36,"column":46}},"16":{"start":{"line":38,"column":6},"end":{"line":38,"column":16}}},"fnMap":{"0":{"name":"(anonymous_0)","decl":{"start":{"line":6,"column":2},"end":{"line":6,"column":3}},"loc":{"start":{"line":6,"column":42},"end":{"line":13,"column":3}},"line":6},"1":{"name":"(anonymous_1)","decl":{"start":{"line":15,"column":2},"end":{"line":15,"column":3}},"loc":{"start":{"line":15,"column":43},"end":{"line":22,"column":3}},"line":15},"2":{"name":"(anonymous_2)","decl":{"start":{"line":24,"column":2},"end":{"line":24,"column":3}},"loc":{"start":{"line":24,"column":47},"end":{"line":31,"column":3}},"line":24},"3":{"name":"(anonymous_3)","decl":{"start":{"line":33,"column":2},"end":{"line":33,"column":3}},"loc":{"start":{"line":33,"column":46},"end":{"line":40,"column":3}},"line":33}},"branchMap":{},"s":{"0":9,"1":0,"2":0,"3":0,"4":0,"5":0,"6":0,"7":0,"8":0,"9":0,"10":0,"11":0,"12":0,"13":0,"14":0,"15":0,"16":0},"f":{"0":0,"1":0,"2":0,"3":0},"b":{},"_coverageSchema":"1a1c01bbd47fc00a2c39e90264f33305004495a9","hash":"603f94a841c8136072e01a789fe29df0a69c4ab0"}
,"C:\\Users\\laksh\\OneDrive\\Desktop\\SaaS\\src\\controllers\\paymentController.js": {"path":"C:\\Users\\laksh\\OneDrive\\Desktop\\SaaS\\src\\controllers\\paymentController.js","statementMap":{"0":{"start":{"line":5,"column":33},"end":{"line":32,"column":1}},"1":{"start":{"line":16,"column":27},"end":{"line":16,"column":50}},"2":{"start":{"line":17,"column":26},"end":{"line":17,"column":36}},"3":{"start":{"line":19,"column":20},"end":{"line":19,"column":91}},"4":{"start":{"line":21,"column":4},"end":{"line":21,"column":46}},"5":{"start":{"line":25,"column":27},"end":{"line":25,"column":50}},"6":{"start":{"line":26,"column":26},"end":{"line":26,"column":36}},"7":{"start":{"line":28,"column":21},"end":{"line":28,"column":90}},"8":{"start":{"line":30,"column":4},"end":{"line":30,"column":51}}},"fnMap":{"0":{"name":"(anonymous_0)","decl":{"start":{"line":6,"column":24},"end":{"line":6,"column":25}},"loc":{"start":{"line":6,"column":44},"end":{"line":22,"column":3}},"line":6},"1":{"name":"(anonymous_1)","decl":{"start":{"line":24,"column":22},"end":{"line":24,"column":23}},"loc":{"start":{"line":24,"column":42},"end":{"line":31,"column":3}},"line":24}},"branchMap":{},"s":{"0":9,"1":0,"2":0,"3":0,"4":0,"5":0,"6":0,"7":0,"8":0},"f":{"0":0,"1":0},"b":{},"_coverageSchema":"1a1c01bbd47fc00a2c39e90264f33305004495a9","hash":"4bae7bd55bf5b1c77da113a52fb56d24e2f25452"}
,"C:\\Users\\laksh\\OneDrive\\Desktop\\SaaS\\src\\middleware\\authMiddleware.js": {"path":"C:\\Users\\laksh\\OneDrive\\Desktop\\SaaS\\src\\middleware\\authMiddleware.js","statementMap":{"0":{"start":{"line":7,"column":2},"end":{"line":58,"column":3}},"1":{"start":{"line":8,"column":23},"end":{"line":8,"column":54}},"2":{"start":{"line":9,"column":18},"end":{"line":9,"column":79}},"3":{"start":{"line":11,"column":4},"end":{"line":13,"column":5}},"4":{"start":{"line":12,"column":6},"end":{"line":12,"column":78}},"5":{"start":{"line":16,"column":4},"end":{"line":20,"column":5}},"6":{"start":{"line":17,"column":6},"end":{"line":17,"column":50}},"7":{"start":{"line":19,"column":6},"end":{"line":19,"column":79}},"8":{"start":{"line":22,"column":17},"end":{"line":22,"column":54}},"9":{"start":{"line":23,"column":4},"end":{"line":25,"column":5}},"10":{"start":{"line":24,"column":6},"end":{"line":24,"column":69}},"11":{"start":{"line":27,"column":4},"end":{"line":29,"column":5}},"12":{"start":{"line":28,"column":6},"end":{"line":28,"column":80}},"13":{"start":{"line":31,"column":27},"end":{"line":31,"column":46}},"14":{"start":{"line":32,"column":26},"end":{"line":32,"column":53}},"15":{"start":{"line":34,"column":4},"end":{"line":36,"column":5}},"16":{"start":{"line":35,"column":6},"end":{"line":35,"column":73}},"17":{"start":{"line":39,"column":6},"end":{"line":42,"column":10}},"18":{"start":{"line":44,"column":4},"end":{"line":46,"column":5}},"19":{"start":{"line":45,"column":6},"end":{"line":45,"column":84}},"20":{"start":{"line":48,"column":4},"end":{"line":53,"column":6}},"21":{"start":{"line":55,"column":4},"end":{"line":55,"column":11}},"22":{"start":{"line":57,"column":4},"end":{"line":57,"column":14}}},"fnMap":{"0":{"name":"authenticate","decl":{"start":{"line":6,"column":22},"end":{"line":6,"column":34}},"loc":{"start":{"line":6,"column":51},"end":{"line":59,"column":1}},"line":6}},"branchMap":{"0":{"loc":{"start":{"line":8,"column":23},"end":{"line":8,"column":54}},"type":"binary-expr","locations":[{"start":{"line":8,"column":23},"end":{"line":8,"column":48}},{"start":{"line":8,"column":52},"end":{"line":8,"column":54}}],"line":8},"1":{"loc":{"start":{"line":9,"column":18},"end":{"line":9,"column":79}},"type":"cond-expr","locations":[{"start":{"line":9,"column":53},"end":{"line":9,"column":72}},{"start":{"line":9,"column":75},"end":{"line":9,"column":79}}],"line":9},"2":{"loc":{"start":{"line":11,"column":4},"end":{"line":13,"column":5}},"type":"if","locations":[{"start":{"line":11,"column":4},"end":{"line":13,"column":5}},{"start":{},"end":{}}],"line":11},"3":{"loc":{"start":{"line":23,"column":4},"end":{"line":25,"column":5}},"type":"if","locations":[{"start":{"line":23,"column":4},"end":{"line":25,"column":5}},{"start":{},"end":{}}],"line":23},"4":{"loc":{"start":{"line":27,"column":4},"end":{"line":29,"column":5}},"type":"if","locations":[{"start":{"line":27,"column":4},"end":{"line":29,"column":5}},{"start":{},"end":{}}],"line":27},"5":{"loc":{"start":{"line":27,"column":8},"end":{"line":27,"column":44}},"type":"binary-expr","locations":[{"start":{"line":27,"column":8},"end":{"line":27,"column":28}},{"start":{"line":27,"column":32},"end":{"line":27,"column":44}}],"line":27},"6":{"loc":{"start":{"line":34,"column":4},"end":{"line":36,"column":5}},"type":"if","locations":[{"start":{"line":34,"column":4},"end":{"line":36,"column":5}},{"start":{},"end":{}}],"line":34},"7":{"loc":{"start":{"line":39,"column":6},"end":{"line":42,"column":10}},"type":"binary-expr","locations":[{"start":{"line":39,"column":7},"end":{"line":39,"column":17}},{"start":{"line":39,"column":21},"end":{"line":39,"column":37}},{"start":{"line":40,"column":7},"end":{"line":40,"column":15}},{"start":{"line":40,"column":19},"end":{"line":40,"column":42}},{"start":{"line":41,"column":7},"end":{"line":41,"column":16}},{"start":{"line":41,"column":20},"end":{"line":41,"column":44}},{"start":{"line":42,"column":6},"end":{"line":42,"column":10}}],"line":39},"8":{"loc":{"start":{"line":44,"column":4},"end":{"line":46,"column":5}},"type":"if","locations":[{"start":{"line":44,"column":4},"end":{"line":46,"column":5}},{"start":{},"end":{}}],"line":44},"9":{"loc":{"start":{"line":44,"column":8},"end":{"line":44,"column":71}},"type":"binary-expr","locations":[{"start":{"line":44,"column":8},"end":{"line":44,"column":24}},{"start":{"line":44,"column":28},"end":{"line":44,"column":71}}],"line":44}},"s":{"0":52,"1":52,"2":52,"3":52,"4":1,"5":51,"6":51,"7":1,"8":50,"9":50,"10":0,"11":50,"12":0,"13":50,"14":50,"15":50,"16":0,"17":50,"18":50,"19":0,"20":50,"21":50,"22":2},"f":{"0":52},"b":{"0":[52,1],"1":[51,1],"2":[1,51],"3":[0,50],"4":[0,50],"5":[50,50],"6":[0,50],"7":[50,50,50,50,50,50,50],"8":[0,50],"9":[50,0]},"_coverageSchema":"1a1c01bbd47fc00a2c39e90264f33305004495a9","hash":"1f93ad223cf01ccaa3b92b8a88ed70cc9547b580"}
,"C:\\Users\\laksh\\OneDrive\\Desktop\\SaaS\\src\\middleware\\errorMiddleware.js": {"path":"C:\\Users\\laksh\\OneDrive\\Desktop\\SaaS\\src\\middleware\\errorMiddleware.js","statementMap":{"0":{"start":{"line":6,"column":2},"end":{"line":12,"column":3}},"1":{"start":{"line":7,"column":4},"end":{"line":7,"column":58}},"2":{"start":{"line":8,"column":4},"end":{"line":11,"column":7}},"3":{"start":{"line":14,"column":31},"end":{"line":14,"column":61}},"4":{"start":{"line":15,"column":18},"end":{"line":15,"column":41}},"5":{"start":{"line":16,"column":17},"end":{"line":16,"column":126}},"6":{"start":{"line":17,"column":18},"end":{"line":17,"column":147}},"7":{"start":{"line":17,"column":100},"end":{"line":17,"column":109}},"8":{"start":{"line":19,"column":2},"end":{"line":24,"column":5}},"9":{"start":{"line":26,"column":2},"end":{"line":33,"column":5}}},"fnMap":{"0":{"name":"errorHandler","decl":{"start":{"line":5,"column":16},"end":{"line":5,"column":28}},"loc":{"start":{"line":5,"column":50},"end":{"line":34,"column":1}},"line":5},"1":{"name":"(anonymous_1)","decl":{"start":{"line":17,"column":95},"end":{"line":17,"column":96}},"loc":{"start":{"line":17,"column":100},"end":{"line":17,"column":109}},"line":17}},"branchMap":{"0":{"loc":{"start":{"line":6,"column":2},"end":{"line":12,"column":3}},"type":"if","locations":[{"start":{"line":6,"column":2},"end":{"line":12,"column":3}},{"start":{},"end":{}}],"line":6},"1":{"loc":{"start":{"line":16,"column":17},"end":{"line":16,"column":126}},"type":"cond-expr","locations":[{"start":{"line":16,"column":27},"end":{"line":16,"column":41}},{"start":{"line":16,"column":44},"end":{"line":16,"column":126}}],"line":16},"2":{"loc":{"start":{"line":16,"column":44},"end":{"line":16,"column":126}},"type":"cond-expr","locations":[{"start":{"line":16,"column":67},"end":{"line":16,"column":90}},{"start":{"line":16,"column":93},"end":{"line":16,"column":126}}],"line":16},"3":{"loc":{"start":{"line":17,"column":18},"end":{"line":17,"column":147}},"type":"cond-expr","locations":[{"start":{"line":17,"column":28},"end":{"line":17,"column":39}},{"start":{"line":17,"column":42},"end":{"line":17,"column":147}}],"line":17},"4":{"loc":{"start":{"line":17,"column":42},"end":{"line":17,"column":147}},"type":"cond-expr","locations":[{"start":{"line":17,"column":65},"end":{"line":17,"column":121}},{"start":{"line":17,"column":124},"end":{"line":17,"column":147}}],"line":17},"5":{"loc":{"start":{"line":19,"column":15},"end":{"line":19,"column":42}},"type":"cond-expr","locations":[{"start":{"line":19,"column":25},"end":{"line":19,"column":36}},{"start":{"line":19,"column":39},"end":{"line":19,"column":42}}],"line":19},"6":{"loc":{"start":{"line":23,"column":8},"end":{"line":23,"column":45}},"type":"cond-expr","locations":[{"start":{"line":23,"column":20},"end":{"line":23,"column":40}},{"start":{"line":23,"column":43},"end":{"line":23,"column":45}}],"line":23},"7":{"loc":{"start":{"line":29,"column":8},"end":{"line":29,"column":69}},"type":"cond-expr","locations":[{"start":{"line":29,"column":33},"end":{"line":29,"column":57}},{"start":{"line":29,"column":60},"end":{"line":29,"column":69}}],"line":29},"8":{"loc":{"start":{"line":29,"column":8},"end":{"line":29,"column":30}},"type":"binary-expr","locations":[{"start":{"line":29,"column":8},"end":{"line":29,"column":15}},{"start":{"line":29,"column":19},"end":{"line":29,"column":30}}],"line":29},"9":{"loc":{"start":{"line":30,"column":8},"end":{"line":32,"column":10}},"type":"cond-expr","locations":[{"start":{"line":31,"column":8},"end":{"line":31,"column":61}},{"start":{"line":32,"column":8},"end":{"line":32,"column":10}}],"line":30}},"s":{"0":17,"1":0,"2":0,"3":17,"4":17,"5":17,"6":17,"7":0,"8":17,"9":17},"f":{"0":17,"1":0},"b":{"0":[0,17],"1":[17,0],"2":[0,0],"3":[17,0],"4":[0,0],"5":[17,0],"6":[17,0],"7":[1,16],"8":[17,17],"9":[17,0]},"_coverageSchema":"1a1c01bbd47fc00a2c39e90264f33305004495a9","hash":"c509b34294e946b03c276447777238809b08c279"}
,"C:\\Users\\laksh\\OneDrive\\Desktop\\SaaS\\src\\middleware\\notFoundMiddleware.js": {"path":"C:\\Users\\laksh\\OneDrive\\Desktop\\SaaS\\src\\middleware\\notFoundMiddleware.js","statementMap":{"0":{"start":{"line":4,"column":2},"end":{"line":7,"column":5}}},"fnMap":{"0":{"name":"notFoundHandler","decl":{"start":{"line":3,"column":16},"end":{"line":3,"column":31}},"loc":{"start":{"line":3,"column":48},"end":{"line":8,"column":1}},"line":3}},"branchMap":{},"s":{"0":0},"f":{"0":0},"b":{},"_coverageSchema":"1a1c01bbd47fc00a2c39e90264f33305004495a9","hash":"104de4080f5fc5159ea419d2f48e0172fb3e6d68"}
,"C:\\Users\\laksh\\OneDrive\\Desktop\\SaaS\\src\\middleware\\orgMiddleware.js": {"path":"C:\\Users\\laksh\\OneDrive\\Desktop\\SaaS\\src\\middleware\\orgMiddleware.js","statementMap":{"0":{"start":{"line":6,"column":2},"end":{"line":18,"column":3}},"1":{"start":{"line":7,"column":4},"end":{"line":9,"column":5}},"2":{"start":{"line":8,"column":6},"end":{"line":8,"column":82}},"3":{"start":{"line":10,"column":16},"end":{"line":10,"column":73}},"4":{"start":{"line":11,"column":4},"end":{"line":13,"column":5}},"5":{"start":{"line":12,"column":6},"end":{"line":12,"column":74}},"6":{"start":{"line":14,"column":4},"end":{"line":14,"column":27}},"7":{"start":{"line":15,"column":4},"end":{"line":15,"column":11}},"8":{"start":{"line":17,"column":4},"end":{"line":17,"column":14}}},"fnMap":{"0":{"name":"withOrganization","decl":{"start":{"line":5,"column":22},"end":{"line":5,"column":38}},"loc":{"start":{"line":5,"column":55},"end":{"line":19,"column":1}},"line":5}},"branchMap":{"0":{"loc":{"start":{"line":7,"column":4},"end":{"line":9,"column":5}},"type":"if","locations":[{"start":{"line":7,"column":4},"end":{"line":9,"column":5}},{"start":{},"end":{}}],"line":7},"1":{"loc":{"start":{"line":7,"column":8},"end":{"line":7,"column":45}},"type":"binary-expr","locations":[{"start":{"line":7,"column":8},"end":{"line":7,"column":17}},{"start":{"line":7,"column":21},"end":{"line":7,"column":45}}],"line":7},"2":{"loc":{"start":{"line":11,"column":4},"end":{"line":13,"column":5}},"type":"if","locations":[{"start":{"line":11,"column":4},"end":{"line":13,"column":5}},{"start":{},"end":{}}],"line":11}},"s":{"0":0,"1":0,"2":0,"3":0,"4":0,"5":0,"6":0,"7":0,"8":0},"f":{"0":0},"b":{"0":[0,0],"1":[0,0],"2":[0,0]},"_coverageSchema":"1a1c01bbd47fc00a2c39e90264f33305004495a9","hash":"228d9b2ebe3e46ece1a75f3edd657f7a9b1edc73"}
,"C:\\Users\\laksh\\OneDrive\\Desktop\\SaaS\\src\\middleware\\rateLimitMiddleware.js": {"path":"C:\\Users\\laksh\\OneDrive\\Desktop\\SaaS\\src\\middleware\\rateLimitMiddleware.js","statementMap":{"0":{"start":{"line":4,"column":27},"end":{"line":15,"column":2}},"1":{"start":{"line":10,"column":4},"end":{"line":13,"column":7}}},"fnMap":{"0":{"name":"(anonymous_0)","decl":{"start":{"line":9,"column":11},"end":{"line":9,"column":12}},"loc":{"start":{"line":9,"column":25},"end":{"line":14,"column":3}},"line":9}},"branchMap":{},"s":{"0":9,"1":0},"f":{"0":0},"b":{},"_coverageSchema":"1a1c01bbd47fc00a2c39e90264f33305004495a9","hash":"6ae2c08f2cd6c005a451f8d6463f71b1749a1efd"}
,"C:\\Users\\laksh\\OneDrive\\Desktop\\SaaS\\src\\middleware\\roleMiddleware.js": {"path":"C:\\Users\\laksh\\OneDrive\\Desktop\\SaaS\\src\\middleware\\roleMiddleware.js","statementMap":{"0":{"start":{"line":5,"column":2},"end":{"line":10,"column":4}},"1":{"start":{"line":6,"column":4},"end":{"line":8,"column":5}},"2":{"start":{"line":7,"column":6},"end":{"line":7,"column":83}},"3":{"start":{"line":9,"column":4},"end":{"line":9,"column":11}}},"fnMap":{"0":{"name":"requireRole","decl":{"start":{"line":4,"column":16},"end":{"line":4,"column":27}},"loc":{"start":{"line":4,"column":38},"end":{"line":11,"column":1}},"line":4},"1":{"name":"(anonymous_1)","decl":{"start":{"line":5,"column":9},"end":{"line":5,"column":10}},"loc":{"start":{"line":5,"column":29},"end":{"line":10,"column":3}},"line":5}},"branchMap":{"0":{"loc":{"start":{"line":6,"column":4},"end":{"line":8,"column":5}},"type":"if","locations":[{"start":{"line":6,"column":4},"end":{"line":8,"column":5}},{"start":{},"end":{}}],"line":6},"1":{"loc":{"start":{"line":6,"column":8},"end":{"line":6,"column":51}},"type":"binary-expr","locations":[{"start":{"line":6,"column":8},"end":{"line":6,"column":17}},{"start":{"line":6,"column":21},"end":{"line":6,"column":51}}],"line":6}},"s":{"0":153,"1":50,"2":3,"3":47},"f":{"0":153,"1":50},"b":{"0":[3,47],"1":[50,50]},"_coverageSchema":"1a1c01bbd47fc00a2c39e90264f33305004495a9","hash":"35ceb3a07fb2b8c8e6d5763d808adf7ad057147d"}
,"C:\\Users\\laksh\\OneDrive\\Desktop\\SaaS\\src\\middleware\\stripeWebhookMiddleware.js": {"path":"C:\\Users\\laksh\\OneDrive\\Desktop\\SaaS\\src\\middleware\\stripeWebhookMiddleware.js","statementMap":{"0":{"start":{"line":4,"column":13},"end":{"line":4,"column":15}},"1":{"start":{"line":5,"column":2},"end":{"line":5,"column":26}},"2":{"start":{"line":6,"column":2},"end":{"line":8,"column":5}},"3":{"start":{"line":7,"column":4},"end":{"line":7,"column":18}},"4":{"start":{"line":9,"column":2},"end":{"line":12,"column":5}},"5":{"start":{"line":10,"column":4},"end":{"line":10,"column":23}},"6":{"start":{"line":11,"column":4},"end":{"line":11,"column":11}}},"fnMap":{"0":{"name":"stripeWebhookMiddleware","decl":{"start":{"line":3,"column":16},"end":{"line":3,"column":39}},"loc":{"start":{"line":3,"column":56},"end":{"line":13,"column":1}},"line":3},"1":{"name":"(anonymous_1)","decl":{"start":{"line":6,"column":17},"end":{"line":6,"column":18}},"loc":{"start":{"line":6,"column":28},"end":{"line":8,"column":3}},"line":6},"2":{"name":"(anonymous_2)","decl":{"start":{"line":9,"column":16},"end":{"line":9,"column":17}},"loc":{"start":{"line":9,"column":22},"end":{"line":12,"column":3}},"line":9}},"branchMap":{},"s":{"0":0,"1":0,"2":0,"3":0,"4":0,"5":0,"6":0},"f":{"0":0,"1":0,"2":0},"b":{},"_coverageSchema":"1a1c01bbd47fc00a2c39e90264f33305004495a9","hash":"328a7de6ba0a10a9ea44c5aab2c492621a50ef8a"}
,"C:\\Users\\laksh\\OneDrive\\Desktop\\SaaS\\src\\middleware\\validationMiddleware.js": {"path":"C:\\Users\\laksh\\OneDrive\\Desktop\\SaaS\\src\\middleware\\validationMiddleware.js","statementMap":{"0":{"start":{"line":6,"column":17},"end":{"line":6,"column":38}},"1":{"start":{"line":7,"column":2},"end":{"line":9,"column":3}},"2":{"start":{"line":8,"column":4},"end":{"line":8,"column":85}},"3":{"start":{"line":10,"column":2},"end":{"line":10,"column":9}}},"fnMap":{"0":{"name":"validateRequest","decl":{"start":{"line":5,"column":16},"end":{"line":5,"column":31}},"loc":{"start":{"line":5,"column":48},"end":{"line":11,"column":1}},"line":5}},"branchMap":{"0":{"loc":{"start":{"line":7,"column":2},"end":{"line":9,"column":3}},"type":"if","locations":[{"start":{"line":7,"column":2},"end":{"line":9,"column":3}},{"start":{},"end":{}}],"line":7}},"s":{"0":80,"1":80,"2":1,"3":79},"f":{"0":80},"b":{"0":[1,79]},"_coverageSchema":"1a1c01bbd47fc00a2c39e90264f33305004495a9","hash":"042e1aaf59f9df49af056f70ab08d674910fbfe3"}
,"C:\\Users\\laksh\\OneDrive\\Desktop\\SaaS\\src\\models\\clientModel.js": {"path":"C:\\Users\\laksh\\OneDrive\\Desktop\\SaaS\\src\\models\\clientModel.js","statementMap":{"0":{"start":{"line":3,"column":21},"end":{"line":15,"column":1}},"1":{"start":{"line":17,"column":0},"end":{"line":17,"column":52}},"2":{"start":{"line":21,"column":0},"end":{"line":21,"column":42}},"3":{"start":{"line":24,"column":0},"end":{"line":24,"column":56}},"4":{"start":{"line":26,"column":15},"end":{"line":26,"column":79}},"5":{"start":{"line":28,"column":27},"end":{"line":53,"column":1}},"6":{"start":{"line":30,"column":16},"end":{"line":30,"column":44}},"7":{"start":{"line":31,"column":4},"end":{"line":31,"column":26}},"8":{"start":{"line":35,"column":4},"end":{"line":35,"column":41}},"9":{"start":{"line":39,"column":4},"end":{"line":39,"column":50}},"10":{"start":{"line":43,"column":4},"end":{"line":43,"column":89}},"11":{"start":{"line":47,"column":4},"end":{"line":47,"column":73}},"12":{"start":{"line":51,"column":4},"end":{"line":51,"column":36}}},"fnMap":{"0":{"name":"(anonymous_0)","decl":{"start":{"line":29,"column":2},"end":{"line":29,"column":3}},"loc":{"start":{"line":29,"column":24},"end":{"line":32,"column":3}},"line":29},"1":{"name":"(anonymous_1)","decl":{"start":{"line":34,"column":2},"end":{"line":34,"column":3}},"loc":{"start":{"line":34,"column":21},"end":{"line":36,"column":3}},"line":34},"2":{"name":"(anonymous_2)","decl":{"start":{"line":38,"column":2},"end":{"line":38,"column":3}},"loc":{"start":{"line":38,"column":43},"end":{"line":40,"column":3}},"line":38},"3":{"name":"(anonymous_3)","decl":{"start":{"line":42,"column":2},"end":{"line":42,"column":3}},"loc":{"start":{"line":42,"column":58},"end":{"line":44,"column":3}},"line":42},"4":{"name":"(anonymous_4)","decl":{"start":{"line":46,"column":2},"end":{"line":46,"column":3}},"loc":{"start":{"line":46,"column":31},"end":{"line":48,"column":3}},"line":46},"5":{"name":"(anonymous_5)","decl":{"start":{"line":50,"column":2},"end":{"line":50,"column":3}},"loc":{"start":{"line":50,"column":23},"end":{"line":52,"column":3}},"line":50}},"branchMap":{"0":{"loc":{"start":{"line":26,"column":15},"end":{"line":26,"column":79}},"type":"binary-expr","locations":[{"start":{"line":26,"column":15},"end":{"line":26,"column":37}},{"start":{"line":26,"column":41},"end":{"line":26,"column":79}}],"line":26}},"s":{"0":10,"1":10,"2":10,"3":10,"4":10,"5":10,"6":16,"7":16,"8":13,"9":0,"10":0,"11":0,"12":0},"f":{"0":16,"1":13,"2":0,"3":0,"4":0,"5":0},"b":{"0":[10,10]},"_coverageSchema":"1a1c01bbd47fc00a2c39e90264f33305004495a9","hash":"58aaf0c95bdaa41f42acef0af3725db8273cbed7"}
,"C:\\Users\\laksh\\OneDrive\\Desktop\\SaaS\\src\\models\\invoiceModel.js": {"path":"C:\\Users\\laksh\\OneDrive\\Desktop\\SaaS\\src\\models\\invoiceModel.js","statementMap":{"0":{"start":{"line":3,"column":30},"end":{"line":11,"column":1}},"1":{"start":{"line":13,"column":22},"end":{"line":36,"column":1}},"2":{"start":{"line":40,"column":0},"end":{"line":40,"column":43}},"3":{"start":{"line":43,"column":0},"end":{"line":43,"column":54}},"4":{"start":{"line":46,"column":0},"end":{"line":46,"column":72}},"5":{"start":{"line":49,"column":0},"end":{"line":49,"column":67}},"6":{"start":{"line":52,"column":0},"end":{"line":52,"column":55}},"7":{"start":{"line":54,"column":16},"end":{"line":54,"column":83}},"8":{"start":{"line":56,"column":28},"end":{"line":100,"column":1}},"9":{"start":{"line":58,"column":16},"end":{"line":58,"column":45}},"10":{"start":{"line":59,"column":4},"end":{"line":59,"column":26}},"11":{"start":{"line":67,"column":4},"end":{"line":67,"column":58}},"12":{"start":{"line":71,"column":4},"end":{"line":71,"column":51}},"13":{"start":{"line":79,"column":4},"end":{"line":83,"column":13}},"14":{"start":{"line":91,"column":4},"end":{"line":91,"column":53}},"15":{"start":{"line":95,"column":4},"end":{"line":98,"column":6}}},"fnMap":{"0":{"name":"(anonymous_0)","decl":{"start":{"line":57,"column":2},"end":{"line":57,"column":3}},"loc":{"start":{"line":57,"column":24},"end":{"line":60,"column":3}},"line":57},"1":{"name":"(anonymous_1)","decl":{"start":{"line":66,"column":2},"end":{"line":66,"column":3}},"loc":{"start":{"line":66,"column":37},"end":{"line":68,"column":3}},"line":66},"2":{"name":"(anonymous_2)","decl":{"start":{"line":70,"column":2},"end":{"line":70,"column":3}},"loc":{"start":{"line":70,"column":43},"end":{"line":72,"column":3}},"line":70},"3":{"name":"(anonymous_3)","decl":{"start":{"line":78,"column":2},"end":{"line":78,"column":3}},"loc":{"start":{"line":78,"column":47},"end":{"line":84,"column":3}},"line":78},"4":{"name":"(anonymous_4)","decl":{"start":{"line":90,"column":2},"end":{"line":90,"column":3}},"loc":{"start":{"line":90,"column":39},"end":{"line":92,"column":3}},"line":90},"5":{"name":"(anonymous_5)","decl":{"start":{"line":94,"column":2},"end":{"line":94,"column":3}},"loc":{"start":{"line":94,"column":22},"end":{"line":99,"column":3}},"line":94}},"branchMap":{"0":{"loc":{"start":{"line":54,"column":16},"end":{"line":54,"column":83}},"type":"binary-expr","locations":[{"start":{"line":54,"column":16},"end":{"line":54,"column":39}},{"start":{"line":54,"column":43},"end":{"line":54,"column":83}}],"line":54}},"s":{"0":10,"1":10,"2":10,"3":10,"4":10,"5":10,"6":10,"7":10,"8":10,"9":13,"10":13,"11":24,"12":2,"13":13,"14":0,"15":0},"f":{"0":13,"1":24,"2":2,"3":13,"4":0,"5":0},"b":{"0":[10,10]},"_coverageSchema":"1a1c01bbd47fc00a2c39e90264f33305004495a9","hash":"b28b3d1981607c084597d23a83ce77761d3d42e6"}
,"C:\\Users\\laksh\\OneDrive\\Desktop\\SaaS\\src\\models\\organizationModel.js": {"path":"C:\\Users\\laksh\\OneDrive\\Desktop\\SaaS\\src\\models\\organizationModel.js","statementMap":{"0":{"start":{"line":3,"column":27},"end":{"line":10,"column":1}},"1":{"start":{"line":13,"column":2},"end":{"line":13,"column":84}},"2":{"start":{"line":15,"column":33},"end":{"line":28,"column":1}},"3":{"start":{"line":17,"column":16},"end":{"line":17,"column":46}},"4":{"start":{"line":18,"column":4},"end":{"line":18,"column":26}},"5":{"start":{"line":22,"column":4},"end":{"line":22,"column":40}},"6":{"start":{"line":26,"column":4},"end":{"line":26,"column":47}}},"fnMap":{"0":{"name":"(anonymous_0)","decl":{"start":{"line":16,"column":2},"end":{"line":16,"column":3}},"loc":{"start":{"line":16,"column":20},"end":{"line":19,"column":3}},"line":16},"1":{"name":"(anonymous_1)","decl":{"start":{"line":21,"column":2},"end":{"line":21,"column":3}},"loc":{"start":{"line":21,"column":18},"end":{"line":23,"column":3}},"line":21},"2":{"name":"(anonymous_2)","decl":{"start":{"line":25,"column":2},"end":{"line":25,"column":3}},"loc":{"start":{"line":25,"column":21},"end":{"line":27,"column":3}},"line":25}},"branchMap":{"0":{"loc":{"start":{"line":13,"column":2},"end":{"line":13,"column":84}},"type":"binary-expr","locations":[{"start":{"line":13,"column":2},"end":{"line":13,"column":30}},{"start":{"line":13,"column":34},"end":{"line":13,"column":84}}],"line":13}},"s":{"0":9,"1":9,"2":9,"3":27,"4":27,"5":0,"6":0},"f":{"0":27,"1":0,"2":0},"b":{"0":[9,9]},"_coverageSchema":"1a1c01bbd47fc00a2c39e90264f33305004495a9","hash":"d46b4fe6aefbd84a1effad2d1273f1833eba58b9"}
,"C:\\Users\\laksh\\OneDrive\\Desktop\\SaaS\\src\\models\\paymentModel.js": {"path":"C:\\Users\\laksh\\OneDrive\\Desktop\\SaaS\\src\\models\\paymentModel.js","statementMap":{"0":{"start":{"line":3,"column":22},"end":{"line":22,"column":1}},"1":{"start":{"line":28,"column":0},"end":{"line":28,"column":57}},"2":{"start":{"line":30,"column":16},"end":{"line":30,"column":83}},"3":{"start":{"line":32,"column":28},"end":{"line":72,"column":1}},"4":{"start":{"line":34,"column":16},"end":{"line":34,"column":45}},"5":{"start":{"line":35,"column":4},"end":{"line":35,"column":26}},"6":{"start":{"line":39,"column":4},"end":{"line":39,"column":42}},"7":{"start":{"line":43,"column":18},"end":{"line":45,"column":21}},"8":{"start":{"line":46,"column":4},"end":{"line":46,"column":38}},"9":{"start":{"line":50,"column":4},"end":{"line":50,"column":51}},"10":{"start":{"line":54,"column":4},"end":{"line":54,"column":74}},"11":{"start":{"line":58,"column":4},"end":{"line":62,"column":13}}},"fnMap":{"0":{"name":"(anonymous_0)","decl":{"start":{"line":33,"column":2},"end":{"line":33,"column":3}},"loc":{"start":{"line":33,"column":24},"end":{"line":36,"column":3}},"line":33},"1":{"name":"(anonymous_1)","decl":{"start":{"line":38,"column":2},"end":{"line":38,"column":3}},"loc":{"start":{"line":38,"column":21},"end":{"line":40,"column":3}},"line":38},"2":{"name":"(anonymous_2)","decl":{"start":{"line":42,"column":2},"end":{"line":42,"column":3}},"loc":{"start":{"line":42,"column":49},"end":{"line":47,"column":3}},"line":42},"3":{"name":"(anonymous_3)","decl":{"start":{"line":49,"column":2},"end":{"line":49,"column":3}},"loc":{"start":{"line":49,"column":43},"end":{"line":51,"column":3}},"line":49},"4":{"name":"(anonymous_4)","decl":{"start":{"line":53,"column":2},"end":{"line":53,"column":3}},"loc":{"start":{"line":53,"column":31},"end":{"line":55,"column":3}},"line":53},"5":{"name":"(anonymous_5)","decl":{"start":{"line":57,"column":2},"end":{"line":57,"column":3}},"loc":{"start":{"line":57,"column":65},"end":{"line":63,"column":3}},"line":57}},"branchMap":{"0":{"loc":{"start":{"line":30,"column":16},"end":{"line":30,"column":83}},"type":"binary-expr","locations":[{"start":{"line":30,"column":16},"end":{"line":30,"column":39}},{"start":{"line":30,"column":43},"end":{"line":30,"column":83}}],"line":30},"1":{"loc":{"start":{"line":43,"column":18},"end":{"line":45,"column":21}},"type":"cond-expr","locations":[{"start":{"line":44,"column":8},"end":{"line":44,"column":37}},{"start":{"line":45,"column":8},"end":{"line":45,"column":21}}],"line":43}},"s":{"0":9,"1":9,"2":9,"3":9,"4":3,"5":3,"6":2,"7":0,"8":0,"9":0,"10":3,"11":0},"f":{"0":3,"1":2,"2":0,"3":0,"4":3,"5":0},"b":{"0":[9,9],"1":[0,0]},"_coverageSchema":"1a1c01bbd47fc00a2c39e90264f33305004495a9","hash":"df1fc6293777fdd2683ef4177965ce8db2aca96a"}
,"C:\\Users\\laksh\\OneDrive\\Desktop\\SaaS\\src\\models\\refreshTokenModel.js": {"path":"C:\\Users\\laksh\\OneDrive\\Desktop\\SaaS\\src\\models\\refreshTokenModel.js","statementMap":{"0":{"start":{"line":4,"column":27},"end":{"line":11,"column":1}},"1":{"start":{"line":17,"column":0},"end":{"line":17,"column":54}},"2":{"start":{"line":20,"column":2},"end":{"line":20,"column":84}},"3":{"start":{"line":22,"column":33},"end":{"line":51,"column":1}},"4":{"start":{"line":24,"column":17},"end":{"line":24,"column":47}},"5":{"start":{"line":25,"column":4},"end":{"line":29,"column":7}},"6":{"start":{"line":33,"column":25},"end":{"line":36,"column":13}},"7":{"start":{"line":38,"column":4},"end":{"line":41,"column":5}},"8":{"start":{"line":39,"column":20},"end":{"line":39,"column":61}},"9":{"start":{"line":40,"column":6},"end":{"line":40,"column":29}},"10":{"start":{"line":40,"column":17},"end":{"line":40,"column":29}},"11":{"start":{"line":42,"column":4},"end":{"line":42,"column":17}},"12":{"start":{"line":46,"column":4},"end":{"line":49,"column":6}}},"fnMap":{"0":{"name":"(anonymous_0)","decl":{"start":{"line":23,"column":2},"end":{"line":23,"column":3}},"loc":{"start":{"line":23,"column":40},"end":{"line":30,"column":3}},"line":23},"1":{"name":"(anonymous_1)","decl":{"start":{"line":32,"column":2},"end":{"line":32,"column":3}},"loc":{"start":{"line":32,"column":42},"end":{"line":43,"column":3}},"line":32},"2":{"name":"(anonymous_2)","decl":{"start":{"line":45,"column":2},"end":{"line":45,"column":3}},"loc":{"start":{"line":45,"column":33},"end":{"line":50,"column":3}},"line":45}},"branchMap":{"0":{"loc":{"start":{"line":20,"column":2},"end":{"line":20,"column":84}},"type":"binary-expr","locations":[{"start":{"line":20,"column":2},"end":{"line":20,"column":30}},{"start":{"line":20,"column":34},"end":{"line":20,"column":84}}],"line":20},"1":{"loc":{"start":{"line":40,"column":6},"end":{"line":40,"column":29}},"type":"if","locations":[{"start":{"line":40,"column":6},"end":{"line":40,"column":29}},{"start":{},"end":{}}],"line":40}},"s":{"0":9,"1":9,"2":9,"3":9,"4":51,"5":51,"6":0,"7":0,"8":0,"9":0,"10":0,"11":0,"12":0},"f":{"0":51,"1":0,"2":0},"b":{"0":[9,9],"1":[0,0]},"_coverageSchema":"1a1c01bbd47fc00a2c39e90264f33305004495a9","hash":"7cfa45d829c4a54fd37af4ba3ae28979497aea87"}
,"C:\\Users\\laksh\\OneDrive\\Desktop\\SaaS\\src\\models\\userModel.js": {"path":"C:\\Users\\laksh\\OneDrive\\Desktop\\SaaS\\src\\models\\userModel.js","statementMap":{"0":{"start":{"line":3,"column":19},"end":{"line":12,"column":1}},"1":{"start":{"line":14,"column":13},"end":{"line":14,"column":71}},"2":{"start":{"line":16,"column":25},"end":{"line":36,"column":1}},"3":{"start":{"line":18,"column":16},"end":{"line":21,"column":6}},"4":{"start":{"line":22,"column":4},"end":{"line":22,"column":26}},"5":{"start":{"line":26,"column":4},"end":{"line":26,"column":71}},"6":{"start":{"line":30,"column":4},"end":{"line":30,"column":63}},"7":{"start":{"line":34,"column":4},"end":{"line":34,"column":79}}},"fnMap":{"0":{"name":"(anonymous_0)","decl":{"start":{"line":17,"column":2},"end":{"line":17,"column":3}},"loc":{"start":{"line":17,"column":21},"end":{"line":23,"column":3}},"line":17},"1":{"name":"(anonymous_1)","decl":{"start":{"line":25,"column":2},"end":{"line":25,"column":3}},"loc":{"start":{"line":25,"column":27},"end":{"line":27,"column":3}},"line":25},"2":{"name":"(anonymous_2)","decl":{"start":{"line":29,"column":2},"end":{"line":29,"column":3}},"loc":{"start":{"line":29,"column":21},"end":{"line":31,"column":3}},"line":29},"3":{"name":"(anonymous_3)","decl":{"start":{"line":33,"column":2},"end":{"line":33,"column":3}},"loc":{"start":{"line":33,"column":36},"end":{"line":35,"column":3}},"line":33}},"branchMap":{"0":{"loc":{"start":{"line":14,"column":13},"end":{"line":14,"column":71}},"type":"binary-expr","locations":[{"start":{"line":14,"column":13},"end":{"line":14,"column":33}},{"start":{"line":14,"column":37},"end":{"line":14,"column":71}}],"line":14}},"s":{"0":9,"1":9,"2":9,"3":27,"4":27,"5":54,"6":50,"7":0},"f":{"0":27,"1":54,"2":50,"3":0},"b":{"0":[9,9]},"_coverageSchema":"1a1c01bbd47fc00a2c39e90264f33305004495a9","hash":"69bb8393ac706c744d7b81829026fbb0546da866"}
,"C:\\Users\\laksh\\OneDrive\\Desktop\\SaaS\\src\\routes\\index.js": {"path":"C:\\Users\\laksh\\OneDrive\\Desktop\\SaaS\\src\\routes\\index.js","statementMap":{"0":{"start":{"line":12,"column":25},"end":{"line":12,"column":41}},"1":{"start":{"line":14,"column":0},"end":{"line":19,"column":3}},"2":{"start":{"line":15,"column":2},"end":{"line":18,"column":5}},"3":{"start":{"line":21,"column":0},"end":{"line":27,"column":3}},"4":{"start":{"line":22,"column":2},"end":{"line":26,"column":5}},"5":{"start":{"line":29,"column":0},"end":{"line":29,"column":38}},"6":{"start":{"line":30,"column":0},"end":{"line":30,"column":37}},"7":{"start":{"line":31,"column":0},"end":{"line":31,"column":44}},"8":{"start":{"line":32,"column":0},"end":{"line":32,"column":43}},"9":{"start":{"line":33,"column":0},"end":{"line":33,"column":45}},"10":{"start":{"line":34,"column":0},"end":{"line":34,"column":45}},"11":{"start":{"line":35,"column":0},"end":{"line":35,"column":45}},"12":{"start":{"line":36,"column":0},"end":{"line":36,"column":48}}},"fnMap":{"0":{"name":"(anonymous_0)","decl":{"start":{"line":14,"column":19},"end":{"line":14,"column":20}},"loc":{"start":{"line":14,"column":33},"end":{"line":19,"column":1}},"line":14},"1":{"name":"(anonymous_1)","decl":{"start":{"line":21,"column":42},"end":{"line":21,"column":43}},"loc":{"start":{"line":21,"column":56},"end":{"line":27,"column":1}},"line":21}},"branchMap":{},"s":{"0":9,"1":9,"2":0,"3":9,"4":0,"5":9,"6":9,"7":9,"8":9,"9":9,"10":9,"11":9,"12":9},"f":{"0":0,"1":0},"b":{},"_coverageSchema":"1a1c01bbd47fc00a2c39e90264f33305004495a9","hash":"77f80497545aac5fb2a79f3dccf084b7fa5774cb"}
,"C:\\Users\\laksh\\OneDrive\\Desktop\\SaaS\\src\\routes\\v1\\authRoutes.js": {"path":"C:\\Users\\laksh\\OneDrive\\Desktop\\SaaS\\src\\routes\\v1\\authRoutes.js","statementMap":{"0":{"start":{"line":7,"column":26},"end":{"line":7,"column":42}},"1":{"start":{"line":52,"column":0},"end":{"line":62,"column":2}},"2":{"start":{"line":94,"column":0},"end":{"line":99,"column":2}},"3":{"start":{"line":114,"column":0},"end":{"line":114,"column":77}},"4":{"start":{"line":126,"column":0},"end":{"line":126,"column":64}}},"fnMap":{},"branchMap":{},"s":{"0":9,"1":9,"2":9,"3":9,"4":9},"f":{},"b":{},"_coverageSchema":"1a1c01bbd47fc00a2c39e90264f33305004495a9","hash":"a1cc7967edeeb2d7d7875541263503c7fb271bad"}
,"C:\\Users\\laksh\\OneDrive\\Desktop\\SaaS\\src\\routes\\v1\\billingRoutes.js": {"path":"C:\\Users\\laksh\\OneDrive\\Desktop\\SaaS\\src\\routes\\v1\\billingRoutes.js","statementMap":{"0":{"start":{"line":7,"column":29},"end":{"line":7,"column":45}},"1":{"start":{"line":9,"column":0},"end":{"line":9,"column":89}},"2":{"start":{"line":11,"column":0},"end":{"line":11,"column":50}},"3":{"start":{"line":13,"column":0},"end":{"line":13,"column":81}},"4":{"start":{"line":14,"column":0},"end":{"line":14,"column":73}}},"fnMap":{},"branchMap":{},"s":{"0":9,"1":9,"2":9,"3":9,"4":9},"f":{},"b":{},"_coverageSchema":"1a1c01bbd47fc00a2c39e90264f33305004495a9","hash":"232501e253a91fdfef0fef0f1a7bef1d3d96b25f"}
,"C:\\Users\\laksh\\OneDrive\\Desktop\\SaaS\\src\\routes\\v1\\clientRoutes.js": {"path":"C:\\Users\\laksh\\OneDrive\\Desktop\\SaaS\\src\\routes\\v1\\clientRoutes.js","statementMap":{"0":{"start":{"line":9,"column":28},"end":{"line":9,"column":44}},"1":{"start":{"line":18,"column":0},"end":{"line":18,"column":31}},"2":{"start":{"line":50,"column":0},"end":{"line":56,"column":2}},"3":{"start":{"line":69,"column":0},"end":{"line":69,"column":114}},"4":{"start":{"line":90,"column":0},"end":{"line":90,"column":113}},"5":{"start":{"line":125,"column":0},"end":{"line":125,"column":94}},"6":{"start":{"line":146,"column":0},"end":{"line":146,"column":95}}},"fnMap":{},"branchMap":{},"s":{"0":9,"1":9,"2":9,"3":9,"4":9,"5":9,"6":9},"f":{},"b":{},"_coverageSchema":"1a1c01bbd47fc00a2c39e90264f33305004495a9","hash":"6194b3adc9f122ff539badf750f4535393def57e"}
,"C:\\Users\\laksh\\OneDrive\\Desktop\\SaaS\\src\\routes\\v1\\dashboardRoutes.js": {"path":"C:\\Users\\laksh\\OneDrive\\Desktop\\SaaS\\src\\routes\\v1\\dashboardRoutes.js","statementMap":{"0":{"start":{"line":6,"column":31},"end":{"line":6,"column":47}},"1":{"start":{"line":15,"column":0},"end":{"line":15,"column":34}},"2":{"start":{"line":97,"column":0},"end":{"line":97,"column":86}},"3":{"start":{"line":98,"column":0},"end":{"line":98,"column":86}},"4":{"start":{"line":99,"column":0},"end":{"line":99,"column":92}},"5":{"start":{"line":100,"column":0},"end":{"line":100,"column":89}},"6":{"start":{"line":101,"column":0},"end":{"line":101,"column":100}},"7":{"start":{"line":102,"column":0},"end":{"line":102,"column":99}},"8":{"start":{"line":103,"column":0},"end":{"line":103,"column":105}},"9":{"start":{"line":104,"column":0},"end":{"line":104,"column":105}}},"fnMap":{},"branchMap":{},"s":{"0":9,"1":9,"2":9,"3":9,"4":9,"5":9,"6":9,"7":9,"8":9,"9":9},"f":{},"b":{},"_coverageSchema":"1a1c01bbd47fc00a2c39e90264f33305004495a9","hash":"1fb7d52845032603f4a1898e74c9c3eca4eab1e3"}
,"C:\\Users\\laksh\\OneDrive\\Desktop\\SaaS\\src\\routes\\v1\\invoiceRoutes.js": {"path":"C:\\Users\\laksh\\OneDrive\\Desktop\\SaaS\\src\\routes\\v1\\invoiceRoutes.js","statementMap":{"0":{"start":{"line":9,"column":29},"end":{"line":9,"column":45}},"1":{"start":{"line":18,"column":0},"end":{"line":18,"column":32}},"2":{"start":{"line":72,"column":0},"end":{"line":82,"column":2}},"3":{"start":{"line":105,"column":0},"end":{"line":105,"column":117}},"4":{"start":{"line":126,"column":0},"end":{"line":126,"column":116}},"5":{"start":{"line":159,"column":0},"end":{"line":159,"column":111}},"6":{"start":{"line":178,"column":0},"end":{"line":178,"column":98}},"7":{"start":{"line":202,"column":0},"end":{"line":202,"column":128}},"8":{"start":{"line":221,"column":0},"end":{"line":221,"column":118}}},"fnMap":{},"branchMap":{},"s":{"0":9,"1":9,"2":9,"3":9,"4":9,"5":9,"6":9,"7":9,"8":9},"f":{},"b":{},"_coverageSchema":"1a1c01bbd47fc00a2c39e90264f33305004495a9","hash":"16394abb9afe8eae98dff944818dabd369df51ff"}
,"C:\\Users\\laksh\\OneDrive\\Desktop\\SaaS\\src\\routes\\v1\\orgRoutes.js": {"path":"C:\\Users\\laksh\\OneDrive\\Desktop\\SaaS\\src\\routes\\v1\\orgRoutes.js","statementMap":{"0":{"start":{"line":7,"column":25},"end":{"line":7,"column":41}},"1":{"start":{"line":9,"column":0},"end":{"line":9,"column":46}},"2":{"start":{"line":11,"column":0},"end":{"line":11,"column":80}},"3":{"start":{"line":12,"column":0},"end":{"line":12,"column":82}},"4":{"start":{"line":14,"column":0},"end":{"line":14,"column":64}},"5":{"start":{"line":15,"column":0},"end":{"line":15,"column":94}}},"fnMap":{},"branchMap":{},"s":{"0":9,"1":9,"2":9,"3":9,"4":9,"5":9},"f":{},"b":{},"_coverageSchema":"1a1c01bbd47fc00a2c39e90264f33305004495a9","hash":"0aebdcc76325a820ff66a3804fc74682a8666f4f"}
,"C:\\Users\\laksh\\OneDrive\\Desktop\\SaaS\\src\\routes\\v1\\paymentRoutes.js": {"path":"C:\\Users\\laksh\\OneDrive\\Desktop\\SaaS\\src\\routes\\v1\\paymentRoutes.js","statementMap":{"0":{"start":{"line":7,"column":29},"end":{"line":7,"column":45}},"1":{"start":{"line":16,"column":0},"end":{"line":16,"column":32}},"2":{"start":{"line":51,"column":0},"end":{"line":55,"column":2}},"3":{"start":{"line":75,"column":0},"end":{"line":79,"column":2}}},"fnMap":{},"branchMap":{},"s":{"0":9,"1":9,"2":9,"3":9},"f":{},"b":{},"_coverageSchema":"1a1c01bbd47fc00a2c39e90264f33305004495a9","hash":"a329358fef36f860b04c2907656500dbeb6bc444"}
,"C:\\Users\\laksh\\OneDrive\\Desktop\\SaaS\\src\\routes\\v1\\webhookRoutes.js": {"path":"C:\\Users\\laksh\\OneDrive\\Desktop\\SaaS\\src\\routes\\v1\\webhookRoutes.js","statementMap":{"0":{"start":{"line":7,"column":29},"end":{"line":7,"column":45}},"1":{"start":{"line":12,"column":0},"end":{"line":12,"column":76}},"2":{"start":{"line":15,"column":0},"end":{"line":15,"column":67}}},"fnMap":{},"branchMap":{},"s":{"0":9,"1":9,"2":9},"f":{},"b":{},"_coverageSchema":"1a1c01bbd47fc00a2c39e90264f33305004495a9","hash":"db9177bcd7c6935528de5d217dd58f9cd204341d"}
,"C:\\Users\\laksh\\OneDrive\\Desktop\\SaaS\\src\\services\\authService.js": {"path":"C:\\Users\\laksh\\OneDrive\\Desktop\\SaaS\\src\\services\\authService.js","statementMap":{"0":{"start":{"line":10,"column":22},"end":{"line":10,"column":55}},"1":{"start":{"line":12,"column":27},"end":{"line":137,"column":1}},"2":{"start":{"line":14,"column":21},"end":{"line":14,"column":55}},"3":{"start":{"line":15,"column":4},"end":{"line":17,"column":5}},"4":{"start":{"line":16,"column":6},"end":{"line":16,"column":71}},"5":{"start":{"line":19,"column":16},"end":{"line":22,"column":6}},"6":{"start":{"line":24,"column":25},"end":{"line":24,"column":56}},"7":{"start":{"line":26,"column":27},"end":{"line":26,"column":72}},"8":{"start":{"line":28,"column":17},"end":{"line":34,"column":6}},"9":{"start":{"line":36,"column":19},"end":{"line":40,"column":6}},"10":{"start":{"line":42,"column":4},"end":{"line":45,"column":7}},"11":{"start":{"line":47,"column":4},"end":{"line":52,"column":6}},"12":{"start":{"line":56,"column":17},"end":{"line":56,"column":51}},"13":{"start":{"line":57,"column":4},"end":{"line":59,"column":5}},"14":{"start":{"line":58,"column":6},"end":{"line":58,"column":74}},"15":{"start":{"line":61,"column":18},"end":{"line":61,"column":67}},"16":{"start":{"line":62,"column":4},"end":{"line":64,"column":5}},"17":{"start":{"line":63,"column":6},"end":{"line":63,"column":74}},"18":{"start":{"line":66,"column":19},"end":{"line":70,"column":6}},"19":{"start":{"line":72,"column":4},"end":{"line":75,"column":7}},"20":{"start":{"line":77,"column":4},"end":{"line":82,"column":6}},"21":{"start":{"line":86,"column":4},"end":{"line":88,"column":5}},"22":{"start":{"line":87,"column":6},"end":{"line":87,"column":76}},"23":{"start":{"line":90,"column":20},"end":{"line":90,"column":61}},"24":{"start":{"line":91,"column":33},"end":{"line":91,"column":40}},"25":{"start":{"line":93,"column":17},"end":{"line":93,"column":49}},"26":{"start":{"line":94,"column":4},"end":{"line":96,"column":5}},"27":{"start":{"line":95,"column":6},"end":{"line":95,"column":69}},"28":{"start":{"line":98,"column":20},"end":{"line":101,"column":6}},"29":{"start":{"line":103,"column":4},"end":{"line":105,"column":5}},"30":{"start":{"line":104,"column":6},"end":{"line":104,"column":80}},"31":{"start":{"line":107,"column":4},"end":{"line":107,"column":53}},"32":{"start":{"line":109,"column":19},"end":{"line":113,"column":6}},"33":{"start":{"line":115,"column":4},"end":{"line":118,"column":7}},"34":{"start":{"line":120,"column":4},"end":{"line":124,"column":6}},"35":{"start":{"line":128,"column":4},"end":{"line":130,"column":5}},"36":{"start":{"line":129,"column":6},"end":{"line":129,"column":76}},"37":{"start":{"line":132,"column":20},"end":{"line":132,"column":61}},"38":{"start":{"line":133,"column":28},"end":{"line":133,"column":35}},"39":{"start":{"line":135,"column":4},"end":{"line":135,"column":53}}},"fnMap":{"0":{"name":"(anonymous_0)","decl":{"start":{"line":13,"column":2},"end":{"line":13,"column":3}},"loc":{"start":{"line":13,"column":62},"end":{"line":53,"column":3}},"line":13},"1":{"name":"(anonymous_1)","decl":{"start":{"line":55,"column":2},"end":{"line":55,"column":3}},"loc":{"start":{"line":55,"column":35},"end":{"line":83,"column":3}},"line":55},"2":{"name":"(anonymous_2)","decl":{"start":{"line":85,"column":2},"end":{"line":85,"column":3}},"loc":{"start":{"line":85,"column":35},"end":{"line":125,"column":3}},"line":85},"3":{"name":"(anonymous_3)","decl":{"start":{"line":127,"column":2},"end":{"line":127,"column":3}},"loc":{"start":{"line":127,"column":29},"end":{"line":136,"column":3}},"line":127}},"branchMap":{"0":{"loc":{"start":{"line":15,"column":4},"end":{"line":17,"column":5}},"type":"if","locations":[{"start":{"line":15,"column":4},"end":{"line":17,"column":5}},{"start":{},"end":{}}],"line":15},"1":{"loc":{"start":{"line":26,"column":27},"end":{"line":26,"column":72}},"type":"cond-expr","locations":[{"start":{"line":26,"column":58},"end":{"line":26,"column":62}},{"start":{"line":26,"column":65},"end":{"line":26,"column":72}}],"line":26},"2":{"loc":{"start":{"line":57,"column":4},"end":{"line":59,"column":5}},"type":"if","locations":[{"start":{"line":57,"column":4},"end":{"line":59,"column":5}},{"start":{},"end":{}}],"line":57},"3":{"loc":{"start":{"line":62,"column":4},"end":{"line":64,"column":5}},"type":"if","locations":[{"start":{"line":62,"column":4},"end":{"line":64,"column":5}},{"start":{},"end":{}}],"line":62},"4":{"loc":{"start":{"line":86,"column":4},"end":{"line":88,"column":5}},"type":"if","locations":[{"start":{"line":86,"column":4},"end":{"line":88,"column":5}},{"start":{},"end":{}}],"line":86},"5":{"loc":{"start":{"line":94,"column":4},"end":{"line":96,"column":5}},"type":"if","locations":[{"start":{"line":94,"column":4},"end":{"line":96,"column":5}},{"start":{},"end":{}}],"line":94},"6":{"loc":{"start":{"line":103,"column":4},"end":{"line":105,"column":5}},"type":"if","locations":[{"start":{"line":103,"column":4},"end":{"line":105,"column":5}},{"start":{},"end":{}}],"line":103},"7":{"loc":{"start":{"line":128,"column":4},"end":{"line":130,"column":5}},"type":"if","locations":[{"start":{"line":128,"column":4},"end":{"line":130,"column":5}},{"start":{},"end":{}}],"line":128}},"s":{"0":9,"1":9,"2":28,"3":28,"4":1,"5":27,"6":27,"7":27,"8":27,"9":27,"10":27,"11":27,"12":26,"13":26,"14":1,"15":25,"16":25,"17":1,"18":24,"19":24,"20":24,"21":0,"22":0,"23":0,"24":0,"25":0,"26":0,"27":0,"28":0,"29":0,"30":0,"31":0,"32":0,"33":0,"34":0,"35":0,"36":0,"37":0,"38":0,"39":0},"f":{"0":28,"1":26,"2":0,"3":0},"b":{"0":[1,27],"1":[27,0],"2":[1,25],"3":[1,24],"4":[0,0],"5":[0,0],"6":[0,0],"7":[0,0]},"_coverageSchema":"1a1c01bbd47fc00a2c39e90264f33305004495a9","hash":"da8ef6084fb3c11e17246d4a205c6fd6ab8dfc80"}
,"C:\\Users\\laksh\\OneDrive\\Desktop\\SaaS\\src\\services\\billingService.js": {"path":"C:\\Users\\laksh\\OneDrive\\Desktop\\SaaS\\src\\services\\billingService.js","statementMap":{"0":{"start":{"line":11,"column":30},"end":{"line":57,"column":1}},"1":{"start":{"line":13,"column":16},"end":{"line":13,"column":47}},"2":{"start":{"line":14,"column":4},"end":{"line":16,"column":5}},"3":{"start":{"line":15,"column":6},"end":{"line":15,"column":100}},"4":{"start":{"line":18,"column":4},"end":{"line":22,"column":5}},"5":{"start":{"line":19,"column":6},"end":{"line":19,"column":90}},"6":{"start":{"line":21,"column":6},"end":{"line":21,"column":83}},"7":{"start":{"line":24,"column":4},"end":{"line":29,"column":5}},"8":{"start":{"line":33,"column":20},"end":{"line":44,"column":6}},"9":{"start":{"line":45,"column":4},"end":{"line":45,"column":19}},"10":{"start":{"line":49,"column":4},"end":{"line":51,"column":5}},"11":{"start":{"line":50,"column":6},"end":{"line":50,"column":16}},"12":{"start":{"line":52,"column":17},"end":{"line":54,"column":6}},"13":{"start":{"line":55,"column":4},"end":{"line":55,"column":21}}},"fnMap":{"0":{"name":"(anonymous_0)","decl":{"start":{"line":12,"column":2},"end":{"line":12,"column":3}},"loc":{"start":{"line":12,"column":27},"end":{"line":30,"column":3}},"line":12},"1":{"name":"(anonymous_1)","decl":{"start":{"line":32,"column":2},"end":{"line":32,"column":3}},"loc":{"start":{"line":32,"column":60},"end":{"line":46,"column":3}},"line":32},"2":{"name":"(anonymous_2)","decl":{"start":{"line":48,"column":2},"end":{"line":48,"column":3}},"loc":{"start":{"line":48,"column":40},"end":{"line":56,"column":3}},"line":48}},"branchMap":{"0":{"loc":{"start":{"line":14,"column":4},"end":{"line":16,"column":5}},"type":"if","locations":[{"start":{"line":14,"column":4},"end":{"line":16,"column":5}},{"start":{},"end":{}}],"line":14},"1":{"loc":{"start":{"line":24,"column":4},"end":{"line":29,"column":5}},"type":"switch","locations":[{"start":{"line":25,"column":6},"end":{"line":25,"column":40}},{"start":{"line":26,"column":6},"end":{"line":26,"column":26}},{"start":{"line":27,"column":6},"end":{"line":27,"column":43}},{"start":{"line":28,"column":6},"end":{"line":28,"column":14}}],"line":24},"2":{"loc":{"start":{"line":49,"column":4},"end":{"line":51,"column":5}},"type":"if","locations":[{"start":{"line":49,"column":4},"end":{"line":51,"column":5}},{"start":{},"end":{}}],"line":49}},"s":{"0":9,"1":0,"2":0,"3":0,"4":0,"5":0,"6":0,"7":0,"8":0,"9":0,"10":0,"11":0,"12":0,"13":0},"f":{"0":0,"1":0,"2":0},"b":{"0":[0,0],"1":[0,0,0,0],"2":[0,0]},"_coverageSchema":"1a1c01bbd47fc00a2c39e90264f33305004495a9","hash":"b985e7bf492353e13547a8312a809c292c
[...]
type":"cond-expr","locations":[{"start":{"line":106,"column":48},"end":{"line":106,"column":57}},{"start":{"line":106,"column":60},"end":{"line":106,"column":69}}],"line":106},"8":{"loc":{"start":{"line":119,"column":12},"end":{"line":119,"column":30}},"type":"binary-expr","locations":[{"start":{"line":119,"column":12},"end":{"line":119,"column":23}},{"start":{"line":119,"column":27},"end":{"line":119,"column":30}}],"line":119},"9":{"loc":{"start":{"line":122,"column":4},"end":{"line":125,"column":5}},"type":"if","locations":[{"start":{"line":122,"column":4},"end":{"line":125,"column":5}},{"start":{},"end":{}}],"line":122},"10":{"loc":{"start":{"line":126,"column":4},"end":{"line":129,"column":5}},"type":"if","locations":[{"start":{"line":126,"column":4},"end":{"line":129,"column":5}},{"start":{},"end":{}}],"line":126},"11":{"loc":{"start":{"line":130,"column":4},"end":{"line":133,"column":5}},"type":"if","locations":[{"start":{"line":130,"column":4},"end":{"line":133,"column":5}},{"start":{},"end":{}}],"line":130},"12":{"loc":{"start":{"line":160,"column":22},"end":{"line":160,"column":45}},"type":"binary-expr","locations":[{"start":{"line":160,"column":22},"end":{"line":160,"column":39}},{"start":{"line":160,"column":43},"end":{"line":160,"column":45}}],"line":160},"13":{"loc":{"start":{"line":163,"column":25},"end":{"line":163,"column":43}},"type":"binary-expr","locations":[{"start":{"line":163,"column":25},"end":{"line":163,"column":38}},{"start":{"line":163,"column":42},"end":{"line":163,"column":43}}],"line":163},"14":{"loc":{"start":{"line":163,"column":48},"end":{"line":163,"column":67}},"type":"binary-expr","locations":[{"start":{"line":163,"column":48},"end":{"line":163,"column":62}},{"start":{"line":163,"column":66},"end":{"line":163,"column":67}}],"line":163},"15":{"loc":{"start":{"line":164,"column":38},"end":{"line":164,"column":55}},"type":"binary-expr","locations":[{"start":{"line":164,"column":38},"end":{"line":164,"column":50}},{"start":{"line":164,"column":54},"end":{"line":164,"column":55}}],"line":164},"16":{"loc":{"start":{"line":168,"column":6},"end":{"line":170,"column":7}},"type":"if","locations":[{"start":{"line":168,"column":6},"end":{"line":170,"column":7}},{"start":{},"end":{}}],"line":168},"17":{"loc":{"start":{"line":176,"column":14},"end":{"line":176,"column":37}},"type":"binary-expr","locations":[{"start":{"line":176,"column":14},"end":{"line":176,"column":30}},{"start":{"line":176,"column":34},"end":{"line":176,"column":37}}],"line":176},"18":{"loc":{"start":{"line":177,"column":21},"end":{"line":177,"column":40}},"type":"binary-expr","locations":[{"start":{"line":177,"column":21},"end":{"line":177,"column":34}},{"start":{"line":177,"column":38},"end":{"line":177,"column":40}}],"line":177},"19":{"loc":{"start":{"line":179,"column":17},"end":{"line":179,"column":34}},"type":"binary-expr","locations":[{"start":{"line":179,"column":17},"end":{"line":179,"column":29}},{"start":{"line":179,"column":33},"end":{"line":179,"column":34}}],"line":179},"20":{"loc":{"start":{"line":236,"column":4},"end":{"line":249,"column":5}},"type":"if","locations":[{"start":{"line":236,"column":4},"end":{"line":249,"column":5}},{"start":{},"end":{}}],"line":236},"21":{"loc":{"start":{"line":260,"column":13},"end":{"line":260,"column":36}},"type":"binary-expr","locations":[{"start":{"line":260,"column":13},"end":{"line":260,"column":30}},{"start":{"line":260,"column":34},"end":{"line":260,"column":36}}],"line":260}},"s":{"0":9,"1":9,"2":9,"3":9,"4":0,"5":0,"6":0,"7":0,"8":0,"9":0,"10":0,"11":0,"12":0,"13":0,"14":0,"15":0,"16":0,"17":0,"18":0,"19":0,"20":0,"21":0,"22":0,"23":0,"24":0,"25":0,"26":0,"27":0,"28":0,"29":0,"30":0,"31":0,"32":0,"33":0,"34":0,"35":0,"36":0,"37":0,"38":0,"39":0,"40":0,"41":0,"42":0,"43":0,"44":0,"45":0,"46":0,"47":0,"48":0,"49":0,"50":0,"51":0,"52":0,"53":0,"54":0,"55":0,"56":0,"57":0,"58":0,"59":0,"60":0,"61":0,"62":0,"63":0,"64":0,"65":0,"66":0,"67":0,"68":0,"69":0,"70":0,"71":0,"72":0,"73":0,"74":0},"f":{"0":0,"1":0,"2":0,"3":0,"4":0,"5":0,"6":0,"7":0},"b":{"0":[0,0],"1":[0,0],"2":[0,0],"3":[0],"4":[0,0],"5":[0,0],"6":[0,0],"7":[0,0],"8":[0,0],"9":[0,0],"10":[0,0],"11":[0,0],"12":[0,0],"13":[0,0],"14":[0,0],"15":[0,0],"16":[0,0],"17":[0,0],"18":[0,0],"19":[0,0],"20":[0,0],"21":[0,0]},"_coverageSchema":"1a1c01bbd47fc00a2c39e90264f33305004495a9","hash":"3f8c3515c687b0ba5afb60585aa3a28c68427fd5"}
,"C:\\Users\\laksh\\OneDrive\\Desktop\\SaaS\\src\\utils\\ApiError.js": {"path":"C:\\Users\\laksh\\OneDrive\\Desktop\\SaaS\\src\\utils\\ApiError.js","statementMap":{"0":{"start":{"line":3,"column":4},"end":{"line":3,"column":19}},"1":{"start":{"line":4,"column":4},"end":{"line":4,"column":33}},"2":{"start":{"line":5,"column":4},"end":{"line":5,"column":27}}},"fnMap":{"0":{"name":"(anonymous_0)","decl":{"start":{"line":2,"column":2},"end":{"line":2,"column":3}},"loc":{"start":{"line":2,"column":44},"end":{"line":6,"column":3}},"line":2}},"branchMap":{},"s":{"0":20,"1":20,"2":20},"f":{"0":20},"b":{},"_coverageSchema":"1a1c01bbd47fc00a2c39e90264f33305004495a9","hash":"a97a8a16b552d5da39b5afed3afd7ede46bfa612"}
,"C:\\Users\\laksh\\OneDrive\\Desktop\\SaaS\\src\\utils\\apiResponse.js": {"path":"C:\\Users\\laksh\\OneDrive\\Desktop\\SaaS\\src\\utils\\apiResponse.js","statementMap":{"0":{"start":{"line":2,"column":2},"end":{"line":5,"column":5}}},"fnMap":{"0":{"name":"sendSuccess","decl":{"start":{"line":1,"column":16},"end":{"line":1,"column":27}},"loc":{"start":{"line":1,"column":51},"end":{"line":6,"column":1}},"line":1}},"branchMap":{},"s":{"0":96},"f":{"0":96},"b":{},"_coverageSchema":"1a1c01bbd47fc00a2c39e90264f33305004495a9","hash":"d900411595c365ad733afbbf1ac48cd35452c1e6"}
,"C:\\Users\\laksh\\OneDrive\\Desktop\\SaaS\\src\\utils\\asyncHandler.js": {"path":"C:\\Users\\laksh\\OneDrive\\Desktop\\SaaS\\src\\utils\\asyncHandler.js","statementMap":{"0":{"start":{"line":2,"column":2},"end":{"line":4,"column":4}},"1":{"start":{"line":3,"column":4},"end":{"line":3,"column":52}}},"fnMap":{"0":{"name":"asyncHandler","decl":{"start":{"line":1,"column":16},"end":{"line":1,"column":28}},"loc":{"start":{"line":1,"column":33},"end":{"line":5,"column":1}},"line":1},"1":{"name":"wrapped","decl":{"start":{"line":2,"column":18},"end":{"line":2,"column":25}},"loc":{"start":{"line":2,"column":42},"end":{"line":4,"column":3}},"line":2}},"branchMap":{},"s":{"0":243,"1":107},"f":{"0":243,"1":107},"b":{},"_coverageSchema":"1a1c01bbd47fc00a2c39e90264f33305004495a9","hash":"579bd8324e08a7e3e6202a6a201072392409ca5c"}
,"C:\\Users\\laksh\\OneDrive\\Desktop\\SaaS\\src\\utils\\jwt.js": {"path":"C:\\Users\\laksh\\OneDrive\\Desktop\\SaaS\\src\\utils\\jwt.js","statementMap":{"0":{"start":{"line":6,"column":2},"end":{"line":8,"column":5}},"1":{"start":{"line":12,"column":2},"end":{"line":14,"column":5}},"2":{"start":{"line":18,"column":2},"end":{"line":18,"column":50}},"3":{"start":{"line":22,"column":2},"end":{"line":22,"column":51}},"4":{"start":{"line":25,"column":24},"end":{"line":50,"column":1}},"5":{"start":{"line":27,"column":24},"end":{"line":31,"column":6}},"6":{"start":{"line":33,"column":27},"end":{"line":33,"column":33}},"7":{"start":{"line":34,"column":25},"end":{"line":37,"column":6}},"8":{"start":{"line":39,"column":33},"end":{"line":39,"column":56}},"9":{"start":{"line":41,"column":4},"end":{"line":46,"column":6}}},"fnMap":{"0":{"name":"signAccessToken","decl":{"start":{"line":5,"column":9},"end":{"line":5,"column":24}},"loc":{"start":{"line":5,"column":34},"end":{"line":9,"column":1}},"line":5},"1":{"name":"signRefreshToken","decl":{"start":{"line":11,"column":9},"end":{"line":11,"column":25}},"loc":{"start":{"line":11,"column":35},"end":{"line":15,"column":1}},"line":11},"2":{"name":"verifyAccessToken","decl":{"start":{"line":17,"column":9},"end":{"line":17,"column":26}},"loc":{"start":{"line":17,"column":34},"end":{"line":19,"column":1}},"line":17},"3":{"name":"verifyRefreshToken","decl":{"start":{"line":21,"column":9},"end":{"line":21,"column":27}},"loc":{"start":{"line":21,"column":35},"end":{"line":23,"column":1}},"line":21},"4":{"name":"(anonymous_4)","decl":{"start":{"line":26,"column":2},"end":{"line":26,"column":3}},"loc":{"start":{"line":26,"column":52},"end":{"line":47,"column":3}},"line":26}},"branchMap":{},"s":{"0":51,"1":51,"2":51,"3":0,"4":9,"5":51,"6":51,"7":51,"8":51,"9":51},"f":{"0":51,"1":51,"2":51,"3":0,"4":51},"b":{},"_coverageSchema":"1a1c01bbd47fc00a2c39e90264f33305004495a9","hash":"74760b07bc743b44072239876ead8e14dfda65ba"}
,"C:\\Users\\laksh\\OneDrive\\Desktop\\SaaS\\src\\webhooks\\paymentWebhook.js": {"path":"C:\\Users\\laksh\\OneDrive\\Desktop\\SaaS\\src\\webhooks\\paymentWebhook.js","statementMap":{"0":{"start":{"line":7,"column":31},"end":{"line":7,"column":40}},"1":{"start":{"line":10,"column":16},"end":{"line":10,"column":30}},"2":{"start":{"line":11,"column":18},"end":{"line":11,"column":26}},"3":{"start":{"line":13,"column":2},"end":{"line":15,"column":3}},"4":{"start":{"line":14,"column":4},"end":{"line":14,"column":76}},"5":{"start":{"line":17,"column":2},"end":{"line":22,"column":3}},"6":{"start":{"line":18,"column":4},"end":{"line":21,"column":7}},"7":{"start":{"line":24,"column":19},"end":{"line":24,"column":45}},"8":{"start":{"line":25,"column":20},"end":{"line":25,"column":38}},"9":{"start":{"line":26,"column":25},"end":{"line":26,"column":48}},"10":{"start":{"line":27,"column":20},"end":{"line":27,"column":65}},"11":{"start":{"line":29,"column":2},"end":{"line":31,"column":3}},"12":{"start":{"line":30,"column":4},"end":{"line":30,"column":78}},"13":{"start":{"line":33,"column":2},"end":{"line":35,"column":3}},"14":{"start":{"line":34,"column":4},"end":{"line":34,"column":83}},"15":{"start":{"line":37,"column":18},"end":{"line":37,"column":72}},"16":{"start":{"line":38,"column":2},"end":{"line":40,"column":3}},"17":{"start":{"line":39,"column":4},"end":{"line":39,"column":67}},"18":{"start":{"line":42,"column":2},"end":{"line":42,"column":38}},"19":{"start":{"line":44,"column":2},"end":{"line":57,"column":3}},"20":{"start":{"line":45,"column":4},"end":{"line":48,"column":7}},"21":{"start":{"line":50,"column":4},"end":{"line":56,"column":5}},"22":{"start":{"line":51,"column":6},"end":{"line":51,"column":72}},"23":{"start":{"line":53,"column":6},"end":{"line":55,"column":9}},"24":{"start":{"line":59,"column":2},"end":{"line":67,"column":3}},"25":{"start":{"line":60,"column":4},"end":{"line":66,"column":5}},"26":{"start":{"line":61,"column":6},"end":{"line":61,"column":69}},"27":{"start":{"line":63,"column":6},"end":{"line":65,"column":9}},"28":{"start":{"line":69,"column":2},"end":{"line":69,"column":62}}},"fnMap":{"0":{"name":"handlePaymentWebhook","decl":{"start":{"line":9,"column":22},"end":{"line":9,"column":42}},"loc":{"start":{"line":9,"column":53},"end":{"line":70,"column":1}},"line":9}},"branchMap":{"0":{"loc":{"start":{"line":10,"column":16},"end":{"line":10,"column":30}},"type":"binary-expr","locations":[{"start":{"line":10,"column":16},"end":{"line":10,"column":24}},{"start":{"line":10,"column":28},"end":{"line":10,"column":30}}],"line":10},"1":{"loc":{"start":{"line":13,"column":2},"end":{"line":15,"column":3}},"type":"if","locations":[{"start":{"line":13,"column":2},"end":{"line":15,"column":3}},{"start":{},"end":{}}],"line":13},"2":{"loc":{"start":{"line":17,"column":2},"end":{"line":22,"column":3}},"type":"if","locations":[{"start":{"line":17,"column":2},"end":{"line":22,"column":3}},{"start":{},"end":{}}],"line":17},"3":{"loc":{"start":{"line":24,"column":19},"end":{"line":24,"column":45}},"type":"binary-expr","locations":[{"start":{"line":24,"column":19},"end":{"line":24,"column":39}},{"start":{"line":24,"column":43},"end":{"line":24,"column":45}}],"line":24},"4":{"loc":{"start":{"line":27,"column":20},"end":{"line":27,"column":65}},"type":"binary-expr","locations":[{"start":{"line":27,"column":20},"end":{"line":27,"column":38}},{"start":{"line":27,"column":42},"end":{"line":27,"column":65}}],"line":27},"5":{"loc":{"start":{"line":29,"column":2},"end":{"line":31,"column":3}},"type":"if","locations":[{"start":{"line":29,"column":2},"end":{"line":31,"column":3}},{"start":{},"end":{}}],"line":29},"6":{"loc":{"start":{"line":33,"column":2},"end":{"line":35,"column":3}},"type":"if","locations":[{"start":{"line":33,"column":2},"end":{"line":35,"column":3}},{"start":{},"end":{}}],"line":33},"7":{"loc":{"start":{"line":38,"column":2},"end":{"line":40,"column":3}},"type":"if","locations":[{"start":{"line":38,"column":2},"end":{"line":40,"column":3}},{"start":{},"end":{}}],"line":38},"8":{"loc":{"start":{"line":44,"column":2},"end":{"line":57,"column":3}},"type":"if","locations":[{"start":{"line":44,"column":2},"end":{"line":57,"column":3}},{"start":{},"end":{}}],"line":44},"9":{"loc":{"start":{"line":50,"column":4},"end":{"line":56,"column":5}},"type":"if","locations":[{"start":{"line":50,"column":4},"end":{"line":56,"column":5}},{"start":{"line":52,"column":11},"end":{"line":56,"column":5}}],"line":50},"10":{"loc":{"start":{"line":59,"column":2},"end":{"line":67,"column":3}},"type":"if","locations":[{"start":{"line":59,"column":2},"end":{"line":67,"column":3}},{"start":{},"end":{}}],"line":59},"11":{"loc":{"start":{"line":60,"column":4},"end":{"line":66,"column":5}},"type":"if","locations":[{"start":{"line":60,"column":4},"end":{"line":66,"column":5}},{"start":{"line":62,"column":11},"end":{"line":66,"column":5}}],"line":60}},"s":{"0":9,"1":6,"2":6,"3":6,"4":0,"5":6,"6":1,"7":5,"8":5,"9":5,"10":5,"11":5,"12":1,"13":4,"14":0,"15":4,"16":4,"17":1,"18":3,"19":3,"20":2,"21":2,"22":2,"23":0,"24":3,"25":1,"26":1,"27":0,"28":3},"f":{"0":6},"b":{"0":[6,0],"1":[0,6],"2":[1,5],"3":[5,0],"4":[5,0],"5":[1,4],"6":[0,4],"7":[1,3],"8":[2,1],"9":[2,0],"10":[1,2],"11":[1,0]},"_coverageSchema":"1a1c01bbd47fc00a2c39e90264f33305004495a9","hash":"e948545c61620e8925b585e95035d9682bd0a376"}
,"C:\\Users\\laksh\\OneDrive\\Desktop\\SaaS\\src\\webhooks\\stripeWebhook.js": {"path":"C:\\Users\\laksh\\OneDrive\\Desktop\\SaaS\\src\\webhooks\\stripeWebhook.js","statementMap":{"0":{"start":{"line":8,"column":26},"end":{"line":8,"column":35}},"1":{"start":{"line":16,"column":14},"end":{"line":16,"column":45}},"2":{"start":{"line":18,"column":2},"end":{"line":21,"column":3}},"3":{"start":{"line":19,"column":4},"end":{"line":19,"column":70}},"4":{"start":{"line":20,"column":4},"end":{"line":20,"column":78}},"5":{"start":{"line":23,"column":2},"end":{"line":26,"column":3}},"6":{"start":{"line":24,"column":4},"end":{"line":24,"column":60}},"7":{"start":{"line":25,"column":4},"end":{"line":25,"column":76}},"8":{"start":{"line":30,"column":2},"end":{"line":39,"column":3}},"9":{"start":{"line":31,"column":4},"end":{"line":35,"column":6}},"10":{"start":{"line":37,"column":4},"end":{"line":37,"column":80}},"11":{"start":{"line":38,"column":4},"end":{"line":38,"column":100}},"12":{"start":{"line":41,"column":2},"end":{"line":41,"column":70}},"13":{"start":{"line":43,"column":2},"end":{"line":46,"column":3}},"14":{"start":{"line":44,"column":4},"end":{"line":44,"column":79}},"15":{"start":{"line":45,"column":4},"end":{"line":45,"column":69}},"16":{"start":{"line":48,"column":2},"end":{"line":48,"column":34}},"17":{"start":{"line":50,"column":2},"end":{"line":65,"column":3}},"18":{"start":{"line":51,"column":4},"end":{"line":59,"column":5}},"19":{"start":{"line":53,"column":8},"end":{"line":53,"column":62}},"20":{"start":{"line":54,"column":8},"end":{"line":54,"column":14}},"21":{"start":{"line":58,"column":8},"end":{"line":58,"column":67}},"22":{"start":{"line":61,"column":4},"end":{"line":61,"column":39}},"23":{"start":{"line":62,"column":4},"end":{"line":62,"column":102}},"24":{"start":{"line":64,"column":4},"end":{"line":64,"column":92}},"25":{"start":{"line":67,"column":2},"end":{"line":67,"column":50}},"26":{"start":{"line":78,"column":40},"end":{"line":78,"column":68}},"27":{"start":{"line":80,"column":2},"end":{"line":85,"column":3}},"28":{"start":{"line":81,"column":4},"end":{"line":83,"column":6}},"29":{"start":{"line":84,"column":4},"end":{"line":84,"column":11}},"30":{"start":{"line":87,"column":2},"end":{"line":89,"column":4}},"31":{"start":{"line":92,"column":25},"end":{"line":95,"column":4}},"32":{"start":{"line":97,"column":2},"end":{"line":101,"column":3}},"33":{"start":{"line":98,"column":4},"end":{"line":98,"column":103}},"34":{"start":{"line":100,"column":4},"end":{"line":100,"column":55}},"35":{"start":{"line":104,"column":25},"end":{"line":107,"column":3}},"36":{"start":{"line":109,"column":2},"end":{"line":113,"column":3}},"37":{"start":{"line":110,"column":4},"end":{"line":110,"column":107}},"38":{"start":{"line":112,"column":4},"end":{"line":112,"column":92}}},"fnMap":{"0":{"name":"handleStripeWebhook","decl":{"start":{"line":15,"column":22},"end":{"line":15,"column":41}},"loc":{"start":{"line":15,"column":52},"end":{"line":68,"column":1}},"line":15},"1":{"name":"handlePaymentIntentSucceeded","decl":{"start":{"line":77,"column":15},"end":{"line":77,"column":43}},"loc":{"start":{"line":77,"column":59},"end":{"line":114,"column":1}},"line":77}},"branchMap":{"0":{"loc":{"start":{"line":18,"column":2},"end":{"line":21,"column":3}},"type":"if","locations":[{"start":{"line":18,"column":2},"end":{"line":21,"column":3}},{"start":{},"end":{}}],"line":18},"1":{"loc":{"start":{"line":23,"column":2},"end":{"line":26,"column":3}},"type":"if","locations":[{"start":{"line":23,"column":2},"end":{"line":26,"column":3}},{"start":{},"end":{}}],"line":23},"2":{"loc":{"start":{"line":43,"column":2},"end":{"line":46,"column":3}},"type":"if","locations":[{"start":{"line":43,"column":2},"end":{"line":46,"column":3}},{"start":{},"end":{}}],"line":43},"3":{"loc":{"start":{"line":51,"column":4},"end":{"line":59,"column":5}},"type":"switch","locations":[{"start":{"line":52,"column":6},"end":{"line":55,"column":7}},{"start":{"line":57,"column":6},"end":{"line":58,"column":67}}],"line":51},"4":{"loc":{"start":{"line":78,"column":40},"end":{"line":78,"column":68}},"type":"binary-expr","locations":[{"start":{"line":78,"column":40},"end":{"line":78,"column":62}},{"start":{"line":78,"column":66},"end":{"line":78,"column":68}}],"line":78},"5":{"loc":{"start":{"line":80,"column":2},"end":{"line":85,"column":3}},"type":"if","locations":[{"start":{"line":80,"column":2},"end":{"line":85,"column":3}},{"start":{},"end":{}}],"line":80},"6":{"loc":{"start":{"line":80,"column":6},"end":{"line":80,"column":35}},"type":"binary-expr","locations":[{"start":{"line":80,"column":6},"end":{"line":80,"column":16}},{"start":{"line":80,"column":20},"end":{"line":80,"column":35}}],"line":80},"7":{"loc":{"start":{"line":97,"column":2},"end":{"line":101,"column":3}},"type":"if","locations":[{"start":{"line":97,"column":2},"end":{"line":101,"column":3}},{"start":{"line":99,"column":9},"end":{"line":101,"column":3}}],"line":97},"8":{"loc":{"start":{"line":109,"column":2},"end":{"line":113,"column":3}},"type":"if","locations":[{"start":{"line":109,"column":2},"end":{"line":113,"column":3}},{"start":{"line":111,"column":9},"end":{"line":113,"column":3}}],"line":109}},"s":{"0":10,"1":5,"2":5,"3":0,"4":0,"5":5,"6":0,"7":0,"8":5,"9":5,"10":1,"11":1,"12":4,"13":4,"14":1,"15":1,"16":3,"17":3,"18":3,"19":2,"20":2,"21":1,"22":0,"23":0,"24":0,"25":3,"26":2,"27":2,"28":0,"29":0,"30":2,"31":2,"32":2,"33":0,"34":2,"35":2,"36":2,"37":0,"38":2},"f":{"0":5,"1":2},"b":{"0":[0,5],"1":[0,5],"2":[1,3],"3":[2,1],"4":[2,0],"5":[0,2],"6":[2,2],"7":[0,2],"8":[0,2]},"_coverageSchema":"1a1c01bbd47fc00a2c39e90264f33305004495a9","hash":"457d00ba6d80091ad96cc01035ff807587a206b1"}
,"C:\\Users\\laksh\\OneDrive\\Desktop\\SaaS\\tests\\setup\\testApp.js": {"path":"C:\\Users\\laksh\\OneDrive\\Desktop\\SaaS\\tests\\setup\\testApp.js","statementMap":{"0":{"start":{"line":3,"column":12},"end":{"line":3,"column":23}}},"fnMap":{},"branchMap":{},"s":{"0":9},"f":{},"b":{},"_coverageSchema":"1a1c01bbd47fc00a2c39e90264f33305004495a9","hash":"4e90f49acc9cfe05a20842f416e7c4ffe9892c3a"}
}
