TN:
SF:src\app.js
FN:22,createApp
FN:52,(anonymous_1)
FNF:2
FNH:2
FNDA:9,createApp
FNDA:3,(anonymous_1)
DA:23,9
DA:25,9
DA:27,9
DA:28,9
DA:34,9
DA:35,9
DA:36,9
DA:39,9
DA:42,9
DA:44,9
DA:45,0
DA:48,9
DA:50,9
DA:52,9
DA:53,3
DA:54,3
DA:55,3
DA:65,9
DA:67,9
DA:68,9
DA:70,9
LF:21
LH:20
BRDA:44,0,0,0
BRDA:44,0,1,9
BRDA:54,1,0,3
BRDA:54,1,1,0
BRDA:54,2,0,0
BRDA:54,2,1,0
BRDA:55,3,0,3
BRDA:55,3,1,0
BRDA:56,4,0,3
BRDA:56,4,1,0
BRF:10
BRH:4
end_of_record
TN:
SF:src\config\env.js
FN:5,(anonymous_0)
FNF:1
FNH:1
FNDA:45,(anonymous_0)
DA:3,9
DA:5,9
DA:6,45
DA:7,45
DA:8,0
DA:10,45
DA:13,9
LF:7
LH:6
BRDA:5,0,0,45
BRDA:6,1,0,45
BRDA:6,1,1,0
BRDA:7,2,0,0
BRDA:7,2,1,45
BRDA:7,3,0,45
BRDA:7,3,1,45
BRDA:7,3,2,45
BRDA:14,4,0,9
BRDA:14,4,1,0
BRDA:15,5,0,9
BRDA:15,5,1,0
BRDA:17,6,0,9
BRDA:17,6,1,0
BRDA:21,7,0,9
BRDA:21,7,1,0
BRDA:22,8,0,9
BRDA:22,8,1,0
BRF:18
BRH:11
end_of_record
TN:
SF:src\config\logger.js
FN:3,(anonymous_0)
FN:14,(anonymous_1)
FN:46,(anonymous_2)
FNF:3
FNH:2
FNDA:17,(anonymous_0)
FNDA:17,(anonymous_1)
FNDA:0,(anonymous_2)
DA:3,9
DA:4,17
DA:5,0
DA:7,17
DA:10,9
DA:12,9
DA:15,17
DA:16,17
DA:20,9
DA:44,9
DA:46,0
LF:11
LH:9
BRDA:4,0,0,0
BRDA:4,0,1,17
BRDA:15,1,0,17
BRDA:15,1,1,0
BRDA:16,2,0,17
BRDA:16,2,1,0
BRDA:21,3,0,0
BRDA:21,3,1,9
BRDA:30,4,0,0
BRDA:30,4,1,9
BRF:10
BRH:5
end_of_record
TN:
SF:src\config\stripe.js
FNF:0
FNH:0
DA:3,9
DA:5,9
LF:2
LH:2
BRDA:3,0,0,9
BRDA:3,0,1,9
BRF:2
BRH:2
end_of_record
TN:
SF:src\config\swagger.js
FNF:0
FNH:0
DA:5,9
DA:6,9
DA:8,9
DA:45,9
LF:4
LH:4
BRF:0
BRH:0
end_of_record
TN:
SF:src\controllers\authController.js
FN:6,(anonymous_0)
FN:23,(anonymous_1)
FN:40,(anonymous_2)
FN:57,(anonymous_3)
FNF:4
FNH:2
FNDA:28,(anonymous_0)
FNDA:26,(anonymous_1)
FNDA:0,(anonymous_2)
FNDA:0,(anonymous_3)
DA:5,9
DA:7,28
DA:8,27
DA:9,27
DA:17,27
DA:24,26
DA:25,24
DA:26,24
DA:34,24
DA:41,0
DA:42,0
DA:43,0
DA:44,0
DA:52,0
DA:58,0
DA:59,0
DA:60,0
DA:63,0
LF:18
LH:9
BRDA:8,0,0,27
BRDA:8,0,1,0
BRDA:25,1,0,24
BRDA:25,1,1,0
BRDA:43,2,0,0
BRDA:43,2,1,0
BRF:6
BRH:2
end_of_record
TN:
SF:src\controllers\billingController.js
FN:6,(anonymous_0)
FN:15,(anonymous_1)
FN:28,(anonymous_2)
FNF:3
FNH:0
FNDA:0,(anonymous_0)
FNDA:0,(anonymous_1)
FNDA:0,(anonymous_2)
DA:5,9
DA:7,0
DA:8,0
DA:9,0
DA:11,0
DA:16,0
DA:17,0
DA:22,0
DA:24,0
DA:29,0
DA:30,0
DA:31,0
DA:33,0
LF:13
LH:1
BRF:0
BRH:0
end_of_record
TN:
SF:src\controllers\clientController.js
FN:6,(anonymous_0)
FN:12,(anonymous_1)
FN:18,(anonymous_2)
FN:24,(anonymous_3)
FN:30,(anonymous_4)
FNF:5
FNH:2
FNDA:13,(anonymous_0)
FNDA:0,(anonymous_1)
FNDA:1,(anonymous_2)
FNDA:0,(anonymous_3)
FNDA:0,(anonymous_4)
DA:5,9
DA:7,13
DA:8,13
DA:9,13
DA:13,0
DA:14,0
DA:15,0
DA:19,1
DA:20,1
DA:21,0
DA:25,0
DA:26,0
DA:27,0
DA:31,0
DA:32,0
DA:33,0
LF:16
LH:6
BRF:0
BRH:0
end_of_record
TN:
SF:src\controllers\dashboardController.js
FN:15,(anonymous_0)
FN:25,(anonymous_1)
FN:35,(anonymous_2)
FN:45,(anonymous_3)
FN:55,(anonymous_4)
FN:65,(anonymous_5)
FN:75,(anonymous_6)
FN:85,(anonymous_7)
FNF:8
FNH:0
FNDA:0,(anonymous_0)
FNDA:0,(anonymous_1)
FNDA:0,(anonymous_2)
FNDA:0,(anonymous_3)
FNDA:0,(anonymous_4)
FNDA:0,(anonymous_5)
FNDA:0,(anonymous_6)
FNDA:0,(anonymous_7)
DA:14,9
DA:16,0
DA:17,0
DA:18,0
DA:19,0
DA:21,0
DA:26,0
DA:27,0
DA:28,0
DA:29,0
DA:31,0
DA:36,0
DA:37,0
DA:38,0
DA:39,0
DA:41,0
DA:46,0
DA:47,0
DA:48,0
DA:49,0
DA:51,0
DA:56,0
DA:57,0
DA:58,0
DA:59,0
DA:61,0
DA:66,0
DA:67,0
DA:68,0
DA:69,0
DA:71,0
DA:76,0
DA:77,0
DA:78,0
DA:79,0
DA:81,0
DA:86,0
DA:87,0
DA:88,0
DA:89,0
DA:91,0
LF:41
LH:1
BRF:0
BRH:0
end_of_record
TN:
SF:src\controllers\invoiceController.js
FN:11,(anonymous_0)
FN:17,(anonymous_1)
FN:23,(anonymous_2)
FN:29,(anonymous_3)
FN:35,(anonymous_4)
FN:41,(anonymous_5)
FN:67,(anonymous_6)
FNF:7
FNH:5
FNDA:12,(anonymous_0)
FNDA:2,(anonymous_1)
FNDA:3,(anonymous_2)
FNDA:15,(anonymous_3)
FNDA:1,(anonymous_4)
FNDA:0,(anonymous_5)
FNDA:0,(anonymous_6)
DA:10,9
DA:12,12
DA:13,12
DA:14,12
DA:18,2
DA:19,2
DA:20,2
DA:24,3
DA:25,3
DA:26,3
DA:30,15
DA:31,15
DA:32,11
DA:36,1
DA:37,1
DA:38,0
DA:42,0
DA:44,0
DA:46,0
DA:47,0
DA:48,0
DA:51,0
DA:52,0
DA:53,0
DA:56,0
DA:58,0
DA:59,0
DA:63,0
DA:64,0
DA:68,0
DA:70,0
DA:72,0
DA:73,0
DA:74,0
DA:77,0
DA:78,0
DA:81,0
DA:82,0
DA:83,0
DA:86,0
DA:88,0
DA:96,0
DA:102,0
LF:43
LH:15
BRDA:47,0,0,0
BRDA:47,0,1,0
BRDA:47,1,0,0
BRDA:47,1,1,0
BRDA:52,2,0,0
BRDA:52,2,1,0
BRDA:73,3,0,0
BRDA:73,3,1,0
BRDA:73,4,0,0
BRDA:73,4,1,0
BRDA:77,5,0,0
BRDA:77,5,1,0
BRDA:82,6,0,0
BRDA:82,6,1,0
BRDA:98,7,0,0
BRDA:98,7,1,0
BRF:16
BRH:0
end_of_record
TN:
SF:src\controllers\orgController.js
FN:6,(anonymous_0)
FN:15,(anonymous_1)
FN:24,(anonymous_2)
FN:33,(anonymous_3)
FNF:4
FNH:0
FNDA:0,(anonymous_0)
FNDA:0,(anonymous_1)
FNDA:0,(anonymous_2)
FNDA:0,(anonymous_3)
DA:5,9
DA:7,0
DA:8,0
DA:9,0
DA:11,0
DA:16,0
DA:17,0
DA:18,0
DA:20,0
DA:25,0
DA:26,0
DA:27,0
DA:29,0
DA:34,0
DA:35,0
DA:36,0
DA:38,0
LF:17
LH:1
BRF:0
BRH:0
end_of_record
TN:
SF:src\controllers\paymentController.js
FN:6,(anonymous_0)
FN:24,(anonymous_1)
FNF:2
FNH:0
FNDA:0,(anonymous_0)
FNDA:0,(anonymous_1)
DA:5,9
DA:16,0
DA:17,0
DA:19,0
DA:21,0
DA:25,0
DA:26,0
DA:28,0
DA:30,0
LF:9
LH:1
BRF:0
BRH:0
end_of_record
TN:
SF:src\middleware\authMiddleware.js
FN:6,authenticate
FNF:1
FNH:1
FNDA:52,authenticate
DA:7,52
DA:8,52
DA:9,52
DA:11,52
DA:12,1
DA:16,51
DA:17,51
DA:19,1
DA:22,50
DA:23,50
DA:24,0
DA:27,50
DA:28,0
DA:31,50
DA:32,50
DA:34,50
DA:35,0
DA:39,50
DA:44,50
DA:45,0
DA:48,50
DA:55,50
DA:57,2
LF:23
LH:19
BRDA:8,0,0,52
BRDA:8,0,1,1
BRDA:9,1,0,51
BRDA:9,1,1,1
BRDA:11,2,0,1
BRDA:11,2,1,51
BRDA:23,3,0,0
BRDA:23,3,1,50
BRDA:27,4,0,0
BRDA:27,4,1,50
BRDA:27,5,0,50
BRDA:27,5,1,50
BRDA:34,6,0,0
BRDA:34,6,1,50
BRDA:39,7,0,50
BRDA:39,7,1,50
BRDA:39,7,2,50
BRDA:39,7,3,50
BRDA:39,7,4,50
BRDA:39,7,5,50
BRDA:39,7,6,50
BRDA:44,8,0,0
BRDA:44,8,1,50
BRDA:44,9,0,50
BRDA:44,9,1,0
BRF:25
BRH:20
end_of_record
TN:
SF:src\middleware\errorMiddleware.js
FN:5,errorHandler
FN:17,(anonymous_1)
FNF:2
FNH:1
FNDA:17,errorHandler
FNDA:0,(anonymous_1)
DA:6,17
DA:7,0
DA:8,0
DA:14,17
DA:15,17
DA:16,17
DA:17,17
DA:19,17
DA:26,17
LF:9
LH:7
BRDA:6,0,0,0
BRDA:6,0,1,17
BRDA:16,1,0,17
BRDA:16,1,1,0
BRDA:16,2,0,0
BRDA:16,2,1,0
BRDA:17,3,0,17
BRDA:17,3,1,0
BRDA:17,4,0,0
BRDA:17,4,1,0
BRDA:19,5,0,17
BRDA:19,5,1,0
BRDA:23,6,0,17
BRDA:23,6,1,0
BRDA:29,7,0,1
BRDA:29,7,1,16
BRDA:29,8,0,17
BRDA:29,8,1,17
BRDA:30,9,0,17
BRDA:30,9,1,0
BRF:20
BRH:10
end_of_record
TN:
SF:src\middleware\notFoundMiddleware.js
FN:3,notFoundHandler
FNF:1
FNH:0
FNDA:0,notFoundHandler
DA:4,0
LF:1
LH:0
BRF:0
BRH:0
end_of_record
TN:
SF:src\middleware\orgMiddleware.js
FN:5,withOrganization
FNF:1
FNH:0
FNDA:0,withOrganization
DA:6,0
DA:7,0
DA:8,0
DA:10,0
DA:11,0
DA:12,0
DA:14,0
DA:15,0
DA:17,0
LF:9
LH:0
BRDA:7,0,0,0
BRDA:7,0,1,0
BRDA:7,1,0,0
BRDA:7,1,1,0
BRDA:11,2,0,0
BRDA:11,2,1,0
BRF:6
BRH:0
end_of_record
TN:
SF:src\middleware\rateLimitMiddleware.js
FN:9,(anonymous_0)
FNF:1
FNH:0
FNDA:0,(anonymous_0)
DA:4,9
DA:10,0
LF:2
LH:1
BRF:0
BRH:0
end_of_record
TN:
SF:src\middleware\roleMiddleware.js
FN:4,requireRole
FN:5,(anonymous_1)
FNF:2
FNH:2
FNDA:153,requireRole
FNDA:50,(anonymous_1)
DA:5,153
DA:6,50
DA:7,3
DA:9,47
LF:4
LH:4
BRDA:6,0,0,3
BRDA:6,0,1,47
BRDA:6,1,0,50
BRDA:6,1,1,50
BRF:4
BRH:4
end_of_record
TN:
SF:src\middleware\stripeWebhookMiddleware.js
FN:3,stripeWebhookMiddleware
FN:6,(anonymous_1)
FN:9,(anonymous_2)
FNF:3
FNH:0
FNDA:0,stripeWebhookMiddleware
FNDA:0,(anonymous_1)
FNDA:0,(anonymous_2)
DA:4,0
DA:5,0
DA:6,0
DA:7,0
DA:9,0
DA:10,0
DA:11,0
LF:7
LH:0
BRF:0
BRH:0
end_of_record
TN:
SF:src\middleware\validationMiddleware.js
FN:5,validateRequest
FNF:1
FNH:1
FNDA:80,validateRequest
DA:6,80
DA:7,80
DA:8,1
DA:10,79
LF:4
LH:4
BRDA:7,0,0,1
BRDA:7,0,1,79
BRF:2
BRH:2
end_of_record
TN:
SF:src\models\clientModel.js
FN:29,(anonymous_0)
FN:34,(anonymous_1)
FN:38,(anonymous_2)
FN:42,(anonymous_3)
FN:46,(anonymous_4)
FN:50,(anonymous_5)
FNF:6
FNH:2
FNDA:16,(anonymous_0)
FNDA:13,(anonymous_1)
FNDA:0,(anonymous_2)
FNDA:0,(anonymous_3)
FNDA:0,(anonymous_4)
FNDA:0,(anonymous_5)
DA:3,10
DA:17,10
DA:21,10
DA:24,10
DA:26,10
DA:28,10
DA:30,16
DA:31,16
DA:35,13
DA:39,0
DA:43,0
DA:47,0
DA:51,0
LF:13
LH:9
BRDA:26,0,0,10
BRDA:26,0,1,10
BRF:2
BRH:2
end_of_record
TN:
SF:src\models\invoiceModel.js
FN:57,(anonymous_0)
FN:66,(anonymous_1)
FN:70,(anonymous_2)
FN:78,(anonymous_3)
FN:90,(anonymous_4)
FN:94,(anonymous_5)
FNF:6
FNH:4
FNDA:13,(anonymous_0)
FNDA:24,(anonymous_1)
FNDA:2,(anonymous_2)
FNDA:13,(anonymous_3)
FNDA:0,(anonymous_4)
FNDA:0,(anonymous_5)
DA:3,10
DA:13,10
DA:40,10
DA:43,10
DA:46,10
DA:49,10
DA:52,10
DA:54,10
DA:56,10
DA:58,13
DA:59,13
DA:67,24
DA:71,2
DA:79,13
DA:91,0
DA:95,0
LF:16
LH:14
BRDA:54,0,0,10
BRDA:54,0,1,10
BRF:2
BRH:2
end_of_record
TN:
SF:src\models\organizationModel.js
FN:16,(anonymous_0)
FN:21,(anonymous_1)
FN:25,(anonymous_2)
FNF:3
FNH:1
FNDA:27,(anonymous_0)
FNDA:0,(anonymous_1)
FNDA:0,(anonymous_2)
DA:3,9
DA:13,9
DA:15,9
DA:17,27
DA:18,27
DA:22,0
DA:26,0
LF:7
LH:5
BRDA:13,0,0,9
BRDA:13,0,1,9
BRF:2
BRH:2
end_of_record
TN:
SF:src\models\paymentModel.js
FN:33,(anonymous_0)
FN:38,(anonymous_1)
FN:42,(anonymous_2)
FN:49,(anonymous_3)
FN:53,(anonymous_4)
FN:57,(anonymous_5)
FNF:6
FNH:3
FNDA:3,(anonymous_0)
FNDA:2,(anonymous_1)
FNDA:0,(anonymous_2)
FNDA:0,(anonymous_3)
FNDA:3,(anonymous_4)
FNDA:0,(anonymous_5)
DA:3,9
DA:28,9
DA:30,9
DA:32,9
DA:34,3
DA:35,3
DA:39,2
DA:43,0
DA:46,0
DA:50,0
DA:54,3
DA:58,0
LF:12
LH:8
BRDA:30,0,0,9
BRDA:30,0,1,9
BRDA:43,1,0,0
BRDA:43,1,1,0
BRF:4
BRH:2
end_of_record
TN:
SF:src\models\refreshTokenModel.js
FN:23,(anonymous_0)
FN:32,(anonymous_1)
FN:45,(anonymous_2)
FNF:3
FNH:1
FNDA:51,(anonymous_0)
FNDA:0,(anonymous_1)
FNDA:0,(anonymous_2)
DA:4,9
DA:17,9
DA:20,9
DA:22,9
DA:24,51
DA:25,51
DA:33,0
DA:38,0
DA:39,0
DA:40,0
DA:42,0
DA:46,0
LF:12
LH:6
BRDA:20,0,0,9
BRDA:20,0,1,9
BRDA:40,1,0,0
BRDA:40,1,1,0
BRF:4
BRH:2
end_of_record
TN:
SF:src\models\userModel.js
FN:17,(anonymous_0)
FN:25,(anonymous_1)
FN:29,(anonymous_2)
FN:33,(anonymous_3)
FNF:4
FNH:3
FNDA:27,(anonymous_0)
FNDA:54,(anonymous_1)
FNDA:50,(anonymous_2)
FNDA:0,(anonymous_3)
DA:3,9
DA:14,9
DA:16,9
DA:18,27
DA:22,27
DA:26,54
DA:30,50
DA:34,0
LF:8
LH:7
BRDA:14,0,0,9
BRDA:14,0,1,9
BRF:2
BRH:2
end_of_record
TN:
SF:src\routes\index.js
FN:14,(anonymous_0)
FN:21,(anonymous_1)
FNF:2
FNH:0
FNDA:0,(anonymous_0)
FNDA:0,(anonymous_1)
DA:12,9
DA:14,9
DA:15,0
DA:21,9
DA:22,0
DA:29,9
DA:30,9
DA:31,9
DA:32,9
DA:33,9
DA:34,9
DA:35,9
DA:36,9
LF:13
LH:11
BRF:0
BRH:0
end_of_record
TN:
SF:src\routes\v1\authRoutes.js
FNF:0
FNH:0
DA:7,9
DA:52,9
DA:94,9
DA:114,9
DA:126,9
LF:5
LH:5
BRF:0
BRH:0
end_of_record
TN:
SF:src\routes\v1\billingRoutes.js
FNF:0
FNH:0
DA:7,9
DA:9,9
DA:11,9
DA:13,9
DA:14,9
LF:5
LH:5
BRF:0
BRH:0
end_of_record
TN:
SF:src\routes\v1\clientRoutes.js
FNF:0
FNH:0
DA:9,9
DA:18,9
DA:50,9
DA:69,9
DA:90,9
DA:125,9
DA:146,9
LF:7
LH:7
BRF:0
BRH:0
end_of_record
TN:
SF:src\routes\v1\dashboardRoutes.js
FNF:0
FNH:0
DA:6,9
DA:15,9
DA:97,9
DA:98,9
DA:99,9
DA:100,9
DA:101,9
DA:102,9
DA:103,9
DA:104,9
LF:10
LH:10
BRF:0
BRH:0
end_of_record
TN:
SF:src\routes\v1\invoiceRoutes.js
FNF:0
FNH:0
DA:9,9
DA:18,9
DA:72,9
DA:105,9
DA:126,9
DA:159,9
DA:178,9
DA:202,9
DA:221,9
LF:9
LH:9
BRF:0
BRH:0
end_of_record
TN:
SF:src\routes\v1\orgRoutes.js
FNF:0
FNH:0
DA:7,9
DA:9,9
DA:11,9
DA:12,9
DA:14,9
DA:15,9
LF:6
LH:6
BRF:0
BRH:0
end_of_record
TN:
SF:src\routes\v1\paymentRoutes.js
FNF:0
FNH:0
DA:7,9
DA:16,9
DA:51,9
DA:75,9
LF:4
LH:4
BRF:0
BRH:0
end_of_record
TN:
SF:src\routes\v1\webhookRoutes.js
FNF:0
FNH:0
DA:7,9
DA:12,9
DA:15,9
LF:3
LH:3
BRF:0
BRH:0
end_of_record
TN:
SF:src\services\authService.js
FN:13,(anonymous_0)
FN:55,(anonymous_1)
FN:85,(anonymous_2)
FN:127,(anonymous_3)
FNF:4
FNH:2
FNDA:28,(anonymous_0)
FNDA:26,(anonymous_1)
FNDA:0,(anonymous_2)
FNDA:0,(anonymous_3)
DA:10,9
DA:12,9
DA:14,28
DA:15,28
DA:16,1
DA:19,27
DA:24,27
DA:26,27
DA:28,27
DA:36,27
DA:42,27
DA:47,27
DA:56,26
DA:57,26
DA:58,1
DA:61,25
DA:62,25
DA:63,1
DA:66,24
DA:72,24
DA:77,24
DA:86,0
DA:87,0
DA:90,0
DA:91,0
DA:93,0
DA:94,0
DA:95,0
DA:98,0
DA:103,0
DA:104,0
DA:107,0
DA:109,0
DA:115,0
DA:120,0
DA:128,0
DA:129,0
DA:132,0
DA:133,0
DA:135,0
LF:40
LH:21
BRDA:15,0,0,1
BRDA:15,0,1,27
BRDA:26,1,0,27
BRDA:26,1,1,0
BRDA:57,2,0,1
BRDA:57,2,1,25
BRDA:62,3,0,1
BRDA:62,3,1,24
BRDA:86,4,0,0
BRDA:86,4,1,0
BRDA:94,5,0,0
BRDA:94,5,1,0
BRDA:103,6,0,0
BRDA:103,6,1,0
BRDA:128,7,0,0
BRDA:128,7,1,0
BRF:16
BRH:7
end_of_record
TN:
SF:src\services\billingService.js
FN:12,(anonymous_0)
FN:32,(anonymous_1)
FN:48,(anonymous_2)
FNF:3
FNH:0
FNDA:0,(anonymous_0)
FNDA:0,(anonymous_1)
FNDA:0,(anonymous_2)
DA:11,9
DA:13,0
DA:14,0
DA:15,0
DA:18,0
DA:19,0
DA:21,0
DA:24,0
DA:33,0
DA:45,0
DA:49,0
DA:50,0
DA:52,0
DA:55,0
LF:14
LH:1
BRDA:14,0,0,0
BRDA:14,0,1,0
BRDA:24,1,0,0
BRDA:24,1,1,0
BRDA:24,1,2,0
BRDA:24,1,3,0
BRDA:49,2,0,0
BRDA:49,2,1,0
BRF:8
BRH:0
end_of_record
TN:
SF:src\services\clientService.js
FN:7,(anonymous_0)
FN:22,(anonymous_1)
FN:30,(anonymous_2)
FN:34,(anonymous_3)
FN:53,(anonymous_4)
FNF:5
FNH:2
FNDA:13,(anonymous_0)
FNDA:1,(anonymous_1)
FNDA:0,(anonymous_2)
FNDA:0,(anonymous_3)
FNDA:0,(anonymous_4)
DA:6,9
DA:8,13
DA:19,13
DA:23,1
DA:24,1
DA:25,1
DA:27,0
DA:31,0
DA:35,0
DA:37,0
DA:46,0
DA:47,0
DA:50,0
DA:54,0
DA:55,0
LF:15
LH:6
BRDA:24,0,0,1
BRDA:24,0,1,0
BRDA:24,1,0,1
BRDA:24,1,1,1
BRDA:38,2,0,0
BRDA:38,2,1,0
BRDA:39,3,0,0
BRDA:39,3,1,0
BRDA:40,4,0,0
BRDA:40,4,1,0
BRDA:41,5,0,0
BRDA:41,5,1,0
BRDA:42,6,0,0
BRDA:42,6,1,0
BRDA:43,7,0,0
BRDA:43,7,1,0
BRDA:46,8,0,0
BRDA:46,8,1,0
BRDA:46,9,0,0
BRDA:46,9,1,0
BRF:20
BRH:3
end_of_record
TN:
SF:src\services\dashboardService.js
FN:3,(anonymous_0)
FN:47,(anonymous_1)
FN:57,(anonymous_2)
FN:88,(anonymous_3)
FN:94,(anonymous_4)
FN:107,(anonymous_5)
FN:114,(anonymous_6)
FN:149,(anonymous_7)
FN:180,(anonymous_8)
FN:207,(anonymous_9)
FN:224,(anonymous_10)
FN:225,(anonymous_11)
FN:232,(anonymous_12)
FN:257,(anonymous_13)
FN:293,(anonymous_14)
FNF:15
FNH:0
FNDA:0,(anonymous_0)
FNDA:0,(anonymous_1)
FNDA:0,(anonymous_2)
FNDA:0,(anonymous_3)
FNDA:0,(anonymous_4)
FNDA:0,(anonymous_5)
FNDA:0,(anonymous_6)
FNDA:0,(anonymous_7)
FNDA:0,(anonymous_8)
FNDA:0,(anonymous_9)
FNDA:0,(anonymous_10)
FNDA:0,(anonymous_11)
FNDA:0,(anonymous_12)
FNDA:0,(anonymous_13)
FNDA:0,(anonymous_14)
DA:3,9
DA:4,0
DA:6,0
DA:38,0
DA:47,9
DA:48,0
DA:49,0
DA:52,9
DA:57,9
DA:58,0
DA:60,0
DA:88,0
DA:94,9
DA:95,0
DA:97,0
DA:99,0
DA:105,0
DA:107,0
DA:108,0
DA:109,0
DA:110,0
DA:114,9
DA:115,0
DA:117,0
DA:149,9
DA:150,0
DA:152,0
DA:180,9
DA:181,0
DA:182,0
DA:184,0
DA:189,0
DA:205,0
DA:207,0
DA:209,0
DA:210,0
DA:211,0
DA:214,0
DA:215,0
DA:216,0
DA:217,0
DA:219,0
DA:223,0
DA:224,0
DA:225,0
DA:232,9
DA:233,0
DA:235,0
DA:254,0
DA:257,9
DA:258,0
DA:260,0
DA:293,9
DA:294,0
DA:299,0
LF:55
LH:11
BRDA:38,0,0,0
BRDA:38,0,1,0
BRDA:108,1,0,0
BRDA:108,1,1,0
BRDA:216,2,0,0
BRDA:216,2,1,0
BRDA:224,3,0,0
BRDA:224,3,1,0
BRDA:254,4,0,0
BRDA:254,4,1,0
BRF:10
BRH:0
end_of_record
TN:
SF:src\services\emailService.js
FN:17,sendInvoiceEmail
FNF:1
FNH:0
FNDA:0,sendInvoiceEmail
DA:5,9
DA:18,0
DA:20,0
DA:21,0
DA:34,0
DA:35,0
DA:38,0
DA:39,0
DA:41,0
DA:42,0
LF:10
LH:1
BRDA:17,0,0,0
BRDA:34,1,0,0
BRDA:34,1,1,0
BRF:3
BRH:0
end_of_record
TN:
SF:src\services\invoiceService.js
FN:16,validateStatusTransition
FN:60,(anonymous_1)
FN:85,(anonymous_2)
FN:122,(anonymous_3)
FN:132,(anonymous_4)
FN:136,(anonymous_5)
FN:189,(anonymous_6)
FNF:7
FNH:7
FNDA:16,validateStatusTransition
FNDA:27,(anonymous_1)
FNDA:12,(anonymous_2)
FNDA:22,(anonymous_3)
FNDA:2,(anonymous_4)
FNDA:17,(anonymous_5)
FNDA:2,(anonymous_6)
DA:8,11
DA:17,16
DA:18,2
DA:19,2
DA:20,2
DA:25,0
DA:28,14
DA:29,2
DA:30,2
DA:31,2
DA:36,0
DA:39,12
DA:40,0
DA:43,12
DA:44,12
DA:45,0
DA:51,12
DA:52,1
DA:59,11
DA:61,27
DA:62,27
DA:64,27
DA:65,27
DA:66,27
DA:67,27
DA:69,27
DA:70,27
DA:72,27
DA:73,27
DA:76,27
DA:78,27
DA:87,12
DA:88,12
DA:89,0
DA:92,12
DA:93,12
DA:95,12
DA:111,12
DA:123,22
DA:125,22
DA:126,2
DA:129,20
DA:133,2
DA:137,17
DA:139,16
DA:141,11
DA:142,11
DA:144,11
DA:145,0
DA:147,0
DA:148,0
DA:152,11
DA:176,11
DA:182,11
DA:183,0
DA:186,11
DA:190,2
DA:192,1
DA:193,1
DA:196,0
DA:198,0
DA:199,0
LF:62
LH:50
BRDA:17,0,0,2
BRDA:17,0,1,14
BRDA:18,1,0,2
BRDA:18,1,1,0
BRDA:19,2,0,2
BRDA:19,2,1,0
BRDA:28,3,0,2
BRDA:28,3,1,12
BRDA:29,4,0,2
BRDA:29,4,1,0
BRDA:30,5,0,2
BRDA:30,5,1,0
BRDA:39,6,0,0
BRDA:39,6,1,12
BRDA:39,7,0,12
BRDA:39,7,1,12
BRDA:43,8,0,12
BRDA:43,8,1,0
BRDA:44,9,0,0
BRDA:44,9,1,12
BRDA:51,10,0,1
BRDA:51,10,1,11
BRDA:51,11,0,12
BRDA:51,11,1,1
BRDA:51,11,2,1
BRDA:64,12,0,27
BRDA:64,12,1,0
BRDA:65,13,0,27
BRDA:65,13,1,0
BRDA:66,14,0,27
BRDA:66,14,1,0
BRDA:67,15,0,27
BRDA:67,15,1,0
BRDA:88,16,0,0
BRDA:88,16,1,12
BRDA:88,17,0,12
BRDA:88,17,1,12
BRDA:92,18,0,12
BRDA:92,18,1,0
BRDA:100,19,0,12
BRDA:100,19,1,12
BRDA:107,20,0,12
BRDA:107,20,1,12
BRDA:125,21,0,2
BRDA:125,21,1,20
BRDA:141,22,0,11
BRDA:141,22,1,11
BRDA:141,22,2,0
BRDA:144,23,0,0
BRDA:144,23,1,11
BRDA:147,24,0,0
BRDA:147,24,1,0
BRDA:147,25,0,0
BRDA:147,25,1,0
BRDA:153,26,0,11
BRDA:153,26,1,11
BRDA:154,27,0,11
BRDA:154,27,1,11
BRDA:155,28,0,11
BRDA:155,28,1,0
BRDA:156,29,0,11
BRDA:156,29,1,11
BRDA:157,30,0,11
BRDA:157,30,1,11
BRDA:162,31,0,11
BRDA:162,31,1,11
BRDA:163,32,0,11
BRDA:163,32,1,11
BRDA:164,33,0,11
BRDA:164,33,1,11
BRDA:166,34,0,11
BRDA:166,34,1,11
BRDA:167,35,0,2
BRDA:167,35,1,9
BRDA:167,36,0,11
BRDA:167,36,1,2
BRDA:182,37,0,0
BRDA:182,37,1,11
BRDA:192,38,0,1
BRDA:192,38,1,0
BRDA:198,39,0,0
BRDA:198,39,1,0
BRF:82
BRH:58
end_of_record
TN:
SF:src\services\orgService.js
FN:5,(anonymous_0)
FN:9,(anonymous_1)
FN:13,(anonymous_2)
FN:17,(anonymous_3)
FNF:4
FNH:0
FNDA:0,(anonymous_0)
FNDA:0,(anonymous_1)
FNDA:0,(anonymous_2)
FNDA:0,(anonymous_3)
DA:4,9
DA:6,0
DA:10,0
DA:14,0
DA:18,0
LF:5
LH:1
BRF:0
BRH:0
end_of_record
TN:
SF:src\services\paymentService.js
FN:9,(anonymous_0)
FN:85,(anonymous_1)
FNF:2
FNH:0
FNDA:0,(anonymous_0)
FNDA:0,(anonymous_1)
DA:8,9
DA:10,0
DA:12,0
DA:13,0
DA:16,0
DA:17,0
DA:20,0
DA:21,0
DA:24,0
DA:28,0
DA:55,0
DA:65,0
DA:75,0
DA:80,0
DA:82,0
DA:86,0
DA:88,0
DA:89,0
DA:92,0
DA:94,0
LF:20
LH:1
BRDA:12,0,0,0
BRDA:12,0,1,0
BRDA:16,1,0,0
BRDA:16,1,1,0
BRDA:20,2,0,0
BRDA:20,2,1,0
BRDA:20,3,0,0
BRDA:20,3,1,0
BRDA:28,4,0,0
BRDA:28,4,1,0
BRDA:88,5,0,0
BRDA:88,5,1,0
BRF:12
BRH:0
end_of_record
TN:
SF:src\services\pdfService.js
FN:16,fmt
FN:24,fmtDate
FN:33,drawHRule
FN:53,generateInvoicePdf
FN:54,(anonymous_4)
FN:58,(anonymous_5)
FN:59,(anonymous_6)
FN:162,(anonymous_7)
FNF:8
FNH:0
FNDA:0,fmt
FNDA:0,fmtDate
FNDA:0,drawHRule
FNDA:0,generateInvoicePdf
FNDA:0,(anonymous_4)
FNDA:0,(anonymous_5)
FNDA:0,(anonymous_6)
FNDA:0,(anonymous_7)
DA:4,9
DA:5,9
DA:6,9
DA:13,9
DA:17,0
DA:25,0
DA:26,0
DA:34,0
DA:54,0
DA:55,0
DA:56,0
DA:58,0
DA:59,0
DA:60,0
DA:62,0
DA:65,0
DA:71,0
DA:76,0
DA:79,0
DA:80,0
DA:91,0
DA:101,0
DA:113,0
DA:115,0
DA:121,0
DA:122,0
DA:123,0
DA:124,0
DA:126,0
DA:127,0
DA:128,0
DA:130,0
DA:131,0
DA:132,0
DA:136,0
DA:137,0
DA:140,0
DA:141,0
DA:146,0
DA:150,0
DA:159,0
DA:160,0
DA:162,0
DA:163,0
DA:164,0
DA:165,0
DA:168,0
DA:169,0
DA:172,0
DA:185,0
DA:188,0
DA:191,0
DA:192,0
DA:193,0
DA:195,0
DA:207,0
DA:208,0
DA:218,0
DA:219,0
DA:220,0
DA:223,0
DA:225,0
DA:236,0
DA:237,0
DA:238,0
DA:244,0
DA:252,0
DA:253,0
DA:254,0
DA:255,0
DA:267,0
LF:71
LH:4
BRDA:19,0,0,0
BRDA:19,0,1,0
BRDA:21,1,0,0
BRDA:21,1,1,0
BRDA:25,2,0,0
BRDA:25,2,1,0
BRDA:33,3,0,0
BRDA:62,4,0,0
BRDA:62,4,1,0
BRDA:69,5,0,0
BRDA:69,5,1,0
BRDA:86,6,0,0
BRDA:86,6,1,0
BRDA:106,7,0,0
BRDA:106,7,1,0
BRDA:119,8,0,0
BRDA:119,8,1,0
BRDA:122,9,0,0
BRDA:122,9,1,0
BRDA:126,10,0,0
BRDA:126,10,1,0
BRDA:130,11,0,0
BRDA:130,11,1,0
BRDA:160,12,0,0
BRDA:160,12,1,0
BRDA:163,13,0,0
BRDA:163,13,1,0
BRDA:163,14,0,0
BRDA:163,14,1,0
BRDA:164,15,0,0
BRDA:164,15,1,0
BRDA:168,16,0,0
BRDA:168,16,1,0
BRDA:176,17,0,0
BRDA:176,17,1,0
BRDA:177,18,0,0
BRDA:177,18,1,0
BRDA:179,19,0,0
BRDA:179,19,1,0
BRDA:236,20,0,0
BRDA:236,20,1,0
BRDA:260,21,0,0
BRDA:260,21,1,0
BRF:43
BRH:0
end_of_record
TN:
SF:src\utils\ApiError.js
FN:2,(anonymous_0)
FNF:1
FNH:1
FNDA:20,(anonymous_0)
DA:3,20
DA:4,20
DA:5,20
LF:3
LH:3
BRF:0
BRH:0
end_of_record
TN:
SF:src\utils\apiResponse.js
FN:1,sendSuccess
FNF:1
FNH:1
FNDA:96,sendSuccess
DA:2,96
LF:1
LH:1
BRF:0
BRH:0
end_of_record
TN:
SF:src\utils\asyncHandler.js
FN:1,asyncHandler
FN:2,wrapped
FNF:2
FNH:2
FNDA:243,asyncHandler
FNDA:107,wrapped
DA:2,243
DA:3,107
LF:2
LH:2
BRF:0
BRH:0
end_of_record
TN:
SF:src\utils\jwt.js
FN:5,signAccessToken
FN:11,signRefreshToken
FN:17,verifyAccessToken
FN:21,verifyRefreshToken
FN:26,(anonymous_4)
FNF:5
FNH:4
FNDA:51,signAccessToken
FNDA:51,signRefreshToken
FNDA:51,verifyAccessToken
FNDA:0,verifyRefreshToken
FNDA:51,(anonymous_4)
DA:6,51
DA:12,51
DA:18,51
DA:22,0
DA:25,9
DA:27,51
DA:33,51
DA:34,51
DA:39,51
DA:41,51
LF:10
LH:9
BRF:0
BRH:0
end_of_record
TN:
SF:src\webhooks\paymentWebhook.js
FN:9,handlePaymentWebhook
FNF:1
FNH:1
FNDA:6,handlePaymentWebhook
DA:7,9
DA:10,6
DA:11,6
DA:13,6
DA:14,0
DA:17,6
DA:18,1
DA:24,5
DA:25,5
DA:26,5
DA:27,5
DA:29,5
DA:30,1
DA:33,4
DA:34,0
DA:37,4
DA:38,4
DA:39,1
DA:42,3
DA:44,3
DA:45,2
DA:50,2
DA:51,2
DA:53,0
DA:59,3
DA:60,1
DA:61,1
DA:63,0
DA:69,3
LF:29
LH:25
BRDA:10,0,0,6
BRDA:10,0,1,0
BRDA:13,1,0,0
BRDA:13,1,1,6
BRDA:17,2,0,1
BRDA:17,2,1,5
BRDA:24,3,0,5
BRDA:24,3,1,0
BRDA:27,4,0,5
BRDA:27,4,1,0
BRDA:29,5,0,1
BRDA:29,5,1,4
BRDA:33,6,0,0
BRDA:33,6,1,4
BRDA:38,7,0,1
BRDA:38,7,1,3
BRDA:44,8,0,2
BRDA:44,8,1,1
BRDA:50,9,0,2
BRDA:50,9,1,0
BRDA:59,10,0,1
BRDA:59,10,1,2
BRDA:60,11,0,1
BRDA:60,11,1,0
BRF:24
BRH:17
end_of_record
TN:
SF:src\webhooks\stripeWebhook.js
FN:15,handleStripeWebhook
FN:77,handlePaymentIntentSucceeded
FNF:2
FNH:2
FNDA:5,handleStripeWebhook
FNDA:2,handlePaymentIntentSucceeded
DA:8,10
DA:16,5
DA:18,5
DA:19,0
DA:20,0
DA:23,5
DA:24,0
DA:25,0
DA:30,5
DA:31,5
DA:37,1
DA:38,1
DA:41,4
DA:43,4
DA:44,1
DA:45,1
DA:48,3
DA:50,3
DA:51,3
DA:53,2
DA:54,2
DA:58,1
DA:61,0
DA:62,0
DA:64,0
DA:67,3
DA:78,2
DA:80,2
DA:81,0
DA:84,0
DA:87,2
DA:92,2
DA:97,2
DA:98,0
DA:100,2
DA:104,2
DA:109,2
DA:110,0
DA:112,2
LF:39
LH:28
BRDA:18,0,0,0
BRDA:18,0,1,5
BRDA:23,1,0,0
BRDA:23,1,1,5
BRDA:43,2,0,1
BRDA:43,2,1,3
BRDA:51,3,0,2
BRDA:51,3,1,1
BRDA:78,4,0,2
BRDA:78,4,1,0
BRDA:80,5,0,0
BRDA:80,5,1,2
BRDA:80,6,0,2
BRDA:80,6,1,2
BRDA:97,7,0,0
BRDA:97,7,1,2
BRDA:109,8,0,0
BRDA:109,8,1,2
BRF:18
BRH:12
end_of_record
TN:
SF:tests\setup\testApp.js
FNF:0
FNH:0
DA:3,9
LF:1
LH:1
BRF:0
BRH:0
end_of_record
